2020-05-27 09:40:33.891  INFO 7471 --- [main] com.badouchain.ManagerApplication        : Starting ManagerApplication on master with PID 7471 (/home/lps/Career/work/badouchain2.0/manager-work/manager-ark/manager-platform/target/classes started by lps in /home/lps/Career/work/badouchain2.0/manager-work/manager-ark/manager-platform)
2020-05-27 09:40:33.897  INFO 7471 --- [main] com.badouchain.ManagerApplication        : No active profile set, falling back to default profiles: default
2020-05-27 09:40:33.980  INFO 7471 --- [main] ationConfigEmbeddedWebApplicationContext : Refreshing org.springframework.boot.context.embedded.AnnotationConfigEmbeddedWebApplicationContext@79f40a26: startup date [Wed May 27 09:40:33 CST 2020]; root of context hierarchy
2020-05-27 09:40:35.143 ERROR 7471 --- [main] o.s.boot.SpringApplication               : Application startup failed

java.lang.IllegalStateException: Cannot load configuration class: com.alipay.sofa.ark.springboot1.CompatibleSpringBoot1AutoConfiguration
	at org.springframework.context.annotation.ConfigurationClassPostProcessor.enhanceConfigurationClasses(ConfigurationClassPostProcessor.java:404) ~[spring-context-4.3.24.RELEASE.jar:4.3.24.RELEASE]
	at org.springframework.context.annotation.ConfigurationClassPostProcessor.postProcessBeanFactory(ConfigurationClassPostProcessor.java:249) ~[spring-context-4.3.24.RELEASE.jar:4.3.24.RELEASE]
	at org.springframework.context.support.PostProcessorRegistrationDelegate.invokeBeanFactoryPostProcessors(PostProcessorRegistrationDelegate.java:283) ~[spring-context-4.3.24.RELEASE.jar:4.3.24.RELEASE]
	at org.springframework.context.support.PostProcessorRegistrationDelegate.invokeBeanFactoryPostProcessors(PostProcessorRegistrationDelegate.java:127) ~[spring-context-4.3.24.RELEASE.jar:4.3.24.RELEASE]
	at org.springframework.context.support.AbstractApplicationContext.invokeBeanFactoryPostProcessors(AbstractApplicationContext.java:687) ~[spring-context-4.3.24.RELEASE.jar:4.3.24.RELEASE]
	at org.springframework.context.support.AbstractApplicationContext.refresh(AbstractApplicationContext.java:524) ~[spring-context-4.3.24.RELEASE.jar:4.3.24.RELEASE]
	at org.springframework.boot.context.embedded.EmbeddedWebApplicationContext.refresh(EmbeddedWebApplicationContext.java:124) ~[spring-boot-1.5.21.RELEASE.jar:1.5.21.RELEASE]
	at org.springframework.boot.SpringApplication.refresh(SpringApplication.java:693) [spring-boot-1.5.21.RELEASE.jar:1.5.21.RELEASE]
	at org.springframework.boot.SpringApplication.refreshContext(SpringApplication.java:360) [spring-boot-1.5.21.RELEASE.jar:1.5.21.RELEASE]
	at org.springframework.boot.SpringApplication.run(SpringApplication.java:303) [spring-boot-1.5.21.RELEASE.jar:1.5.21.RELEASE]
	at org.springframework.boot.SpringApplication.run(SpringApplication.java:1118) [spring-boot-1.5.21.RELEASE.jar:1.5.21.RELEASE]
	at org.springframework.boot.SpringApplication.run(SpringApplication.java:1107) [spring-boot-1.5.21.RELEASE.jar:1.5.21.RELEASE]
	at com.badouchain.ManagerApplication.main(ManagerApplication.java:13) [classes/:na]
	at sun.reflect.NativeMethodAccessorImpl.invoke0(Native Method) ~[na:1.8.0_151]
	at sun.reflect.NativeMethodAccessorImpl.invoke(NativeMethodAccessorImpl.java:62) ~[na:1.8.0_151]
	at sun.reflect.DelegatingMethodAccessorImpl.invoke(DelegatingMethodAccessorImpl.java:43) ~[na:1.8.0_151]
	at java.lang.reflect.Method.invoke(Method.java:498) ~[na:1.8.0_151]
	at com.alipay.sofa.ark.bootstrap.MainMethodRunner.run(MainMethodRunner.java:48) [sofa-ark-archive-1.1.1.jar!/:na]
	at com.alipay.sofa.ark.container.model.BizModel.start(BizModel.java:245) [sofa-ark-container-1.1.1.jar!/:na]
	at com.alipay.sofa.ark.container.service.biz.DefaultBizDeployer.deploy(DefaultBizDeployer.java:52) [sofa-ark-container-1.1.1.jar!/:na]
	at com.alipay.sofa.ark.container.service.biz.BizDeployServiceImpl.deploy(BizDeployServiceImpl.java:55) [sofa-ark-container-1.1.1.jar!/:na]
	at com.alipay.sofa.ark.container.pipeline.DeployBizStage.process(DeployBizStage.java:46) [sofa-ark-container-1.1.1.jar!/:na]
	at com.alipay.sofa.ark.container.pipeline.StandardPipeline.process(StandardPipeline.java:75) [sofa-ark-container-1.1.1.jar!/:na]
	at com.alipay.sofa.ark.container.ArkContainer.start(ArkContainer.java:143) [sofa-ark-container-1.1.1.jar!/:na]
	at com.alipay.sofa.ark.container.ArkContainer.main(ArkContainer.java:104) [sofa-ark-container-1.1.1.jar!/:na]
	at sun.reflect.NativeMethodAccessorImpl.invoke0(Native Method) ~[na:1.8.0_151]
	at sun.reflect.NativeMethodAccessorImpl.invoke(NativeMethodAccessorImpl.java:62) ~[na:1.8.0_151]
	at sun.reflect.DelegatingMethodAccessorImpl.invoke(DelegatingMethodAccessorImpl.java:43) ~[na:1.8.0_151]
	at java.lang.reflect.Method.invoke(Method.java:498) ~[na:1.8.0_151]
	at com.alipay.sofa.ark.bootstrap.MainMethodRunner.run(MainMethodRunner.java:48) [sofa-ark-archive-1.1.1.jar!/:na]
	at com.alipay.sofa.ark.bootstrap.AbstractLauncher.launch(AbstractLauncher.java:97) [sofa-ark-archive-1.1.1.jar:na]
	at com.alipay.sofa.ark.bootstrap.AbstractLauncher.launch(AbstractLauncher.java:68) [sofa-ark-archive-1.1.1.jar:na]
	at com.alipay.sofa.ark.support.startup.SofaArkBootstrap.remain(SofaArkBootstrap.java:77) [sofa-ark-support-starter-1.1.1.jar:na]
	at sun.reflect.NativeMethodAccessorImpl.invoke0(Native Method) ~[na:1.8.0_151]
	at sun.reflect.NativeMethodAccessorImpl.invoke(NativeMethodAccessorImpl.java:62) ~[na:1.8.0_151]
	at sun.reflect.DelegatingMethodAccessorImpl.invoke(DelegatingMethodAccessorImpl.java:43) ~[na:1.8.0_151]
	at java.lang.reflect.Method.invoke(Method.java:498) ~[na:1.8.0_151]
	at com.alipay.sofa.ark.support.thread.LaunchRunner.run(LaunchRunner.java:61) [sofa-ark-support-starter-1.1.1.jar:na]
	at java.lang.Thread.run(Thread.java:748) [na:1.8.0_151]
Caused by: java.lang.IllegalStateException: Unable to load cache item
	at org.springframework.cglib.core.internal.LoadingCache.createEntry(LoadingCache.java:79) ~[spring-core-4.3.24.RELEASE.jar:4.3.24.RELEASE]
	at org.springframework.cglib.core.internal.LoadingCache.get(LoadingCache.java:34) ~[spring-core-4.3.24.RELEASE.jar:4.3.24.RELEASE]
	at org.springframework.cglib.core.AbstractClassGenerator$ClassLoaderData.get(AbstractClassGenerator.java:116) ~[spring-core-4.3.24.RELEASE.jar:4.3.24.RELEASE]
	at org.springframework.cglib.core.AbstractClassGenerator.create(AbstractClassGenerator.java:291) ~[spring-core-4.3.24.RELEASE.jar:4.3.24.RELEASE]
	at org.springframework.cglib.proxy.Enhancer.createHelper(Enhancer.java:480) ~[spring-core-4.3.24.RELEASE.jar:4.3.24.RELEASE]
	at org.springframework.cglib.proxy.Enhancer.createClass(Enhancer.java:337) ~[spring-core-4.3.24.RELEASE.jar:4.3.24.RELEASE]
	at org.springframework.context.annotation.ConfigurationClassEnhancer.createClass(ConfigurationClassEnhancer.java:138) ~[spring-context-4.3.24.RELEASE.jar:4.3.24.RELEASE]
	at org.springframework.context.annotation.ConfigurationClassEnhancer.enhance(ConfigurationClassEnhancer.java:110) ~[spring-context-4.3.24.RELEASE.jar:4.3.24.RELEASE]
	at org.springframework.context.annotation.ConfigurationClassPostProcessor.enhanceConfigurationClasses(ConfigurationClassPostProcessor.java:394) ~[spring-context-4.3.24.RELEASE.jar:4.3.24.RELEASE]
	... 38 common frames omitted
Caused by: java.lang.NoClassDefFoundError: org/springframework/boot/actuate/endpoint/AbstractEndpoint
	at java.lang.ClassLoader.defineClass1(Native Method) ~[na:1.8.0_151]
	at java.lang.ClassLoader.defineClass(ClassLoader.java:763) ~[na:1.8.0_151]
	at java.security.SecureClassLoader.defineClass(SecureClassLoader.java:142) ~[na:1.8.0_151]
	at java.net.URLClassLoader.defineClass(URLClassLoader.java:467) ~[na:1.8.0_151]
	at java.net.URLClassLoader.access$100(URLClassLoader.java:73) ~[na:1.8.0_151]
	at java.net.URLClassLoader$1.run(URLClassLoader.java:368) ~[na:1.8.0_151]
	at java.net.URLClassLoader$1.run(URLClassLoader.java:362) ~[na:1.8.0_151]
	at java.security.AccessController.doPrivileged(Native Method) ~[na:1.8.0_151]
	at java.net.URLClassLoader.findClass(URLClassLoader.java:361) ~[na:1.8.0_151]
	at java.lang.ClassLoader.loadClass(ClassLoader.java:424) ~[na:1.8.0_151]
	at com.alipay.sofa.ark.container.service.classloader.AbstractClasspathClassLoader.resolveLocalClass(AbstractClasspathClassLoader.java:302) ~[na:na]
	at com.alipay.sofa.ark.container.service.classloader.BizClassLoader.loadClassInternal(BizClassLoader.java:98) ~[na:na]
	at com.alipay.sofa.ark.container.service.classloader.AbstractClasspathClassLoader.loadClass(AbstractClasspathClassLoader.java:71) ~[na:na]
	at java.lang.ClassLoader.loadClass(ClassLoader.java:357) ~[na:1.8.0_151]
	at java.lang.Class.getDeclaredMethods0(Native Method) ~[na:1.8.0_151]
	at java.lang.Class.privateGetDeclaredMethods(Class.java:2701) ~[na:1.8.0_151]
	at java.lang.Class.getDeclaredMethods(Class.java:1975) ~[na:1.8.0_151]
	at org.springframework.cglib.core.ReflectUtils.addAllMethods(ReflectUtils.java:416) ~[spring-core-4.3.24.RELEASE.jar:4.3.24.RELEASE]
	at org.springframework.cglib.proxy.Enhancer.getMethods(Enhancer.java:540) ~[spring-core-4.3.24.RELEASE.jar:4.3.24.RELEASE]
	at org.springframework.cglib.proxy.Enhancer.generateClass(Enhancer.java:575) ~[spring-core-4.3.24.RELEASE.jar:4.3.24.RELEASE]
	at org.springframework.cglib.transform.TransformingClassGenerator.generateClass(TransformingClassGenerator.java:33) ~[spring-core-4.3.24.RELEASE.jar:4.3.24.RELEASE]
	at org.springframework.cglib.core.DefaultGeneratorStrategy.generate(DefaultGeneratorStrategy.java:25) ~[spring-core-4.3.24.RELEASE.jar:4.3.24.RELEASE]
	at org.springframework.context.annotation.ConfigurationClassEnhancer$BeanFactoryAwareGeneratorStrategy.generate(ConfigurationClassEnhancer.java:252) ~[spring-context-4.3.24.RELEASE.jar:4.3.24.RELEASE]
	at org.springframework.cglib.core.AbstractClassGenerator.generate(AbstractClassGenerator.java:329) ~[spring-core-4.3.24.RELEASE.jar:4.3.24.RELEASE]
	at org.springframework.cglib.proxy.Enhancer.generate(Enhancer.java:492) ~[spring-core-4.3.24.RELEASE.jar:4.3.24.RELEASE]
	at org.springframework.cglib.core.AbstractClassGenerator$ClassLoaderData$3.apply(AbstractClassGenerator.java:93) ~[spring-core-4.3.24.RELEASE.jar:4.3.24.RELEASE]
	at org.springframework.cglib.core.AbstractClassGenerator$ClassLoaderData$3.apply(AbstractClassGenerator.java:91) ~[spring-core-4.3.24.RELEASE.jar:4.3.24.RELEASE]
	at org.springframework.cglib.core.internal.LoadingCache$2.call(LoadingCache.java:54) ~[spring-core-4.3.24.RELEASE.jar:4.3.24.RELEASE]
	at java.util.concurrent.FutureTask.run(FutureTask.java:266) ~[na:1.8.0_151]
	at org.springframework.cglib.core.internal.LoadingCache.createEntry(LoadingCache.java:61) ~[spring-core-4.3.24.RELEASE.jar:4.3.24.RELEASE]
	... 46 common frames omitted
Caused by: com.alipay.sofa.ark.exception.ArkLoaderException: [ArkBiz Loader] Startup In IDE:Mock version : can not load class: org.springframework.boot.actuate.endpoint.AbstractEndpoint
	at com.alipay.sofa.ark.container.service.classloader.BizClassLoader.loadClassInternal(BizClassLoader.java:118) ~[na:na]
	at com.alipay.sofa.ark.container.service.classloader.AbstractClasspathClassLoader.loadClass(AbstractClasspathClassLoader.java:71) ~[na:na]
	at java.lang.ClassLoader.loadClass(ClassLoader.java:357) ~[na:1.8.0_151]
	... 76 common frames omitted

2020-05-27 09:40:35.144  INFO 7471 --- [main] ationConfigEmbeddedWebApplicationContext : Closing org.springframework.boot.context.embedded.AnnotationConfigEmbeddedWebApplicationContext@79f40a26: startup date [Wed May 27 09:40:33 CST 2020]; root of context hierarchy
