2020-05-27 09:21:01.933 [main] ERROR org.springframework.boot.SpringApplication - Application startup failed
java.lang.IllegalStateException: Cannot load configuration class: com.alipay.sofa.ark.springboot1.CompatibleSpringBoot1AutoConfiguration
	at org.springframework.context.annotation.ConfigurationClassPostProcessor.enhanceConfigurationClasses(ConfigurationClassPostProcessor.java:404)
	at org.springframework.context.annotation.ConfigurationClassPostProcessor.postProcessBeanFactory(ConfigurationClassPostProcessor.java:249)
	at org.springframework.context.support.PostProcessorRegistrationDelegate.invokeBeanFactoryPostProcessors(PostProcessorRegistrationDelegate.java:283)
	at org.springframework.context.support.PostProcessorRegistrationDelegate.invokeBeanFactoryPostProcessors(PostProcessorRegistrationDelegate.java:127)
	at org.springframework.context.support.AbstractApplicationContext.invokeBeanFactoryPostProcessors(AbstractApplicationContext.java:687)
	at org.springframework.context.support.AbstractApplicationContext.refresh(AbstractApplicationContext.java:524)
	at org.springframework.boot.context.embedded.EmbeddedWebApplicationContext.refresh(EmbeddedWebApplicationContext.java:124)
	at org.springframework.boot.SpringApplication.refresh(SpringApplication.java:693)
	at org.springframework.boot.SpringApplication.refreshContext(SpringApplication.java:360)
	at org.springframework.boot.SpringApplication.run(SpringApplication.java:303)
	at org.springframework.boot.SpringApplication.run(SpringApplication.java:1118)
	at org.springframework.boot.SpringApplication.run(SpringApplication.java:1107)
	at com.badouchain.ManagerApplication.main(ManagerApplication.java:13)
	at sun.reflect.NativeMethodAccessorImpl.invoke0(Native Method)
	at sun.reflect.NativeMethodAccessorImpl.invoke(NativeMethodAccessorImpl.java:62)
	at sun.reflect.DelegatingMethodAccessorImpl.invoke(DelegatingMethodAccessorImpl.java:43)
	at java.lang.reflect.Method.invoke(Method.java:498)
	at com.alipay.sofa.ark.bootstrap.MainMethodRunner.run(MainMethodRunner.java:48)
	at com.alipay.sofa.ark.container.model.BizModel.start(BizModel.java:245)
	at com.alipay.sofa.ark.container.service.biz.DefaultBizDeployer.deploy(DefaultBizDeployer.java:52)
	at com.alipay.sofa.ark.container.service.biz.BizDeployServiceImpl.deploy(BizDeployServiceImpl.java:55)
	at com.alipay.sofa.ark.container.pipeline.DeployBizStage.process(DeployBizStage.java:46)
	at com.alipay.sofa.ark.container.pipeline.StandardPipeline.process(StandardPipeline.java:75)
	at com.alipay.sofa.ark.container.ArkContainer.start(ArkContainer.java:143)
	at com.alipay.sofa.ark.container.ArkContainer.main(ArkContainer.java:104)
	at sun.reflect.NativeMethodAccessorImpl.invoke0(Native Method)
	at sun.reflect.NativeMethodAccessorImpl.invoke(NativeMethodAccessorImpl.java:62)
	at sun.reflect.DelegatingMethodAccessorImpl.invoke(DelegatingMethodAccessorImpl.java:43)
	at java.lang.reflect.Method.invoke(Method.java:498)
	at com.alipay.sofa.ark.bootstrap.MainMethodRunner.run(MainMethodRunner.java:48)
	at com.alipay.sofa.ark.bootstrap.AbstractLauncher.launch(AbstractLauncher.java:97)
	at com.alipay.sofa.ark.bootstrap.AbstractLauncher.launch(AbstractLauncher.java:68)
	at com.alipay.sofa.ark.support.startup.SofaArkBootstrap.remain(SofaArkBootstrap.java:77)
	at sun.reflect.NativeMethodAccessorImpl.invoke0(Native Method)
	at sun.reflect.NativeMethodAccessorImpl.invoke(NativeMethodAccessorImpl.java:62)
	at sun.reflect.DelegatingMethodAccessorImpl.invoke(DelegatingMethodAccessorImpl.java:43)
	at java.lang.reflect.Method.invoke(Method.java:498)
	at com.alipay.sofa.ark.support.thread.LaunchRunner.run(LaunchRunner.java:61)
	at java.lang.Thread.run(Thread.java:748)
Caused by: java.lang.IllegalStateException: Unable to load cache item
	at org.springframework.cglib.core.internal.LoadingCache.createEntry(LoadingCache.java:79)
	at org.springframework.cglib.core.internal.LoadingCache.get(LoadingCache.java:34)
	at org.springframework.cglib.core.AbstractClassGenerator$ClassLoaderData.get(AbstractClassGenerator.java:116)
	at org.springframework.cglib.core.AbstractClassGenerator.create(AbstractClassGenerator.java:291)
	at org.springframework.cglib.proxy.Enhancer.createHelper(Enhancer.java:480)
	at org.springframework.cglib.proxy.Enhancer.createClass(Enhancer.java:337)
	at org.springframework.context.annotation.ConfigurationClassEnhancer.createClass(ConfigurationClassEnhancer.java:138)
	at org.springframework.context.annotation.ConfigurationClassEnhancer.enhance(ConfigurationClassEnhancer.java:110)
	at org.springframework.context.annotation.ConfigurationClassPostProcessor.enhanceConfigurationClasses(ConfigurationClassPostProcessor.java:394)
	... 38 common frames omitted
Caused by: java.lang.NoClassDefFoundError: org/springframework/boot/actuate/endpoint/AbstractEndpoint
	at java.lang.ClassLoader.defineClass1(Native Method)
	at java.lang.ClassLoader.defineClass(ClassLoader.java:763)
	at java.security.SecureClassLoader.defineClass(SecureClassLoader.java:142)
	at java.net.URLClassLoader.defineClass(URLClassLoader.java:467)
	at java.net.URLClassLoader.access$100(URLClassLoader.java:73)
	at java.net.URLClassLoader$1.run(URLClassLoader.java:368)
	at java.net.URLClassLoader$1.run(URLClassLoader.java:362)
	at java.security.AccessController.doPrivileged(Native Method)
	at java.net.URLClassLoader.findClass(URLClassLoader.java:361)
	at java.lang.ClassLoader.loadClass(ClassLoader.java:424)
	at com.alipay.sofa.ark.container.service.classloader.AbstractClasspathClassLoader.resolveLocalClass(AbstractClasspathClassLoader.java:302)
	at com.alipay.sofa.ark.container.service.classloader.BizClassLoader.loadClassInternal(BizClassLoader.java:98)
	at com.alipay.sofa.ark.container.service.classloader.AbstractClasspathClassLoader.loadClass(AbstractClasspathClassLoader.java:71)
	at java.lang.ClassLoader.loadClass(ClassLoader.java:357)
	at java.lang.Class.getDeclaredMethods0(Native Method)
	at java.lang.Class.privateGetDeclaredMethods(Class.java:2701)
	at java.lang.Class.getDeclaredMethods(Class.java:1975)
	at org.springframework.cglib.core.ReflectUtils.addAllMethods(ReflectUtils.java:416)
	at org.springframework.cglib.proxy.Enhancer.getMethods(Enhancer.java:540)
	at org.springframework.cglib.proxy.Enhancer.generateClass(Enhancer.java:575)
	at org.springframework.cglib.transform.TransformingClassGenerator.generateClass(TransformingClassGenerator.java:33)
	at org.springframework.cglib.core.DefaultGeneratorStrategy.generate(DefaultGeneratorStrategy.java:25)
	at org.springframework.context.annotation.ConfigurationClassEnhancer$BeanFactoryAwareGeneratorStrategy.generate(ConfigurationClassEnhancer.java:252)
	at org.springframework.cglib.core.AbstractClassGenerator.generate(AbstractClassGenerator.java:329)
	at org.springframework.cglib.proxy.Enhancer.generate(Enhancer.java:492)
	at org.springframework.cglib.core.AbstractClassGenerator$ClassLoaderData$3.apply(AbstractClassGenerator.java:93)
	at org.springframework.cglib.core.AbstractClassGenerator$ClassLoaderData$3.apply(AbstractClassGenerator.java:91)
	at org.springframework.cglib.core.internal.LoadingCache$2.call(LoadingCache.java:54)
	at java.util.concurrent.FutureTask.run(FutureTask.java:266)
	at org.springframework.cglib.core.internal.LoadingCache.createEntry(LoadingCache.java:61)
	... 46 common frames omitted
Caused by: com.alipay.sofa.ark.exception.ArkLoaderException: [ArkBiz Loader] Startup In IDE:Mock version : can not load class: org.springframework.boot.actuate.endpoint.AbstractEndpoint
	at com.alipay.sofa.ark.container.service.classloader.BizClassLoader.loadClassInternal(BizClassLoader.java:118)
	at com.alipay.sofa.ark.container.service.classloader.AbstractClasspathClassLoader.loadClass(AbstractClasspathClassLoader.java:71)
	at java.lang.ClassLoader.loadClass(ClassLoader.java:357)
	... 76 common frames omitted
2020-05-27 09:39:52.655 [main] ERROR org.springframework.boot.SpringApplication - Application startup failed
java.lang.IllegalStateException: Cannot load configuration class: com.alipay.sofa.ark.springboot1.CompatibleSpringBoot1AutoConfiguration
	at org.springframework.context.annotation.ConfigurationClassPostProcessor.enhanceConfigurationClasses(ConfigurationClassPostProcessor.java:404)
	at org.springframework.context.annotation.ConfigurationClassPostProcessor.postProcessBeanFactory(ConfigurationClassPostProcessor.java:249)
	at org.springframework.context.support.PostProcessorRegistrationDelegate.invokeBeanFactoryPostProcessors(PostProcessorRegistrationDelegate.java:283)
	at org.springframework.context.support.PostProcessorRegistrationDelegate.invokeBeanFactoryPostProcessors(PostProcessorRegistrationDelegate.java:127)
	at org.springframework.context.support.AbstractApplicationContext.invokeBeanFactoryPostProcessors(AbstractApplicationContext.java:687)
	at org.springframework.context.support.AbstractApplicationContext.refresh(AbstractApplicationContext.java:524)
	at org.springframework.boot.context.embedded.EmbeddedWebApplicationContext.refresh(EmbeddedWebApplicationContext.java:124)
	at org.springframework.boot.SpringApplication.refresh(SpringApplication.java:693)
	at org.springframework.boot.SpringApplication.refreshContext(SpringApplication.java:360)
	at org.springframework.boot.SpringApplication.run(SpringApplication.java:303)
	at org.springframework.boot.SpringApplication.run(SpringApplication.java:1118)
	at org.springframework.boot.SpringApplication.run(SpringApplication.java:1107)
	at com.badouchain.ManagerApplication.main(ManagerApplication.java:13)
	at sun.reflect.NativeMethodAccessorImpl.invoke0(Native Method)
	at sun.reflect.NativeMethodAccessorImpl.invoke(NativeMethodAccessorImpl.java:62)
	at sun.reflect.DelegatingMethodAccessorImpl.invoke(DelegatingMethodAccessorImpl.java:43)
	at java.lang.reflect.Method.invoke(Method.java:498)
	at com.alipay.sofa.ark.bootstrap.MainMethodRunner.run(MainMethodRunner.java:48)
	at com.alipay.sofa.ark.container.model.BizModel.start(BizModel.java:245)
	at com.alipay.sofa.ark.container.service.biz.DefaultBizDeployer.deploy(DefaultBizDeployer.java:52)
	at com.alipay.sofa.ark.container.service.biz.BizDeployServiceImpl.deploy(BizDeployServiceImpl.java:55)
	at com.alipay.sofa.ark.container.pipeline.DeployBizStage.process(DeployBizStage.java:46)
	at com.alipay.sofa.ark.container.pipeline.StandardPipeline.process(StandardPipeline.java:75)
	at com.alipay.sofa.ark.container.ArkContainer.start(ArkContainer.java:143)
	at com.alipay.sofa.ark.container.ArkContainer.main(ArkContainer.java:104)
	at sun.reflect.NativeMethodAccessorImpl.invoke0(Native Method)
	at sun.reflect.NativeMethodAccessorImpl.invoke(NativeMethodAccessorImpl.java:62)
	at sun.reflect.DelegatingMethodAccessorImpl.invoke(DelegatingMethodAccessorImpl.java:43)
	at java.lang.reflect.Method.invoke(Method.java:498)
	at com.alipay.sofa.ark.bootstrap.MainMethodRunner.run(MainMethodRunner.java:48)
	at com.alipay.sofa.ark.bootstrap.AbstractLauncher.launch(AbstractLauncher.java:97)
	at com.alipay.sofa.ark.bootstrap.AbstractLauncher.launch(AbstractLauncher.java:68)
	at com.alipay.sofa.ark.support.startup.SofaArkBootstrap.remain(SofaArkBootstrap.java:77)
	at sun.reflect.NativeMethodAccessorImpl.invoke0(Native Method)
	at sun.reflect.NativeMethodAccessorImpl.invoke(NativeMethodAccessorImpl.java:62)
	at sun.reflect.DelegatingMethodAccessorImpl.invoke(DelegatingMethodAccessorImpl.java:43)
	at java.lang.reflect.Method.invoke(Method.java:498)
	at com.alipay.sofa.ark.support.thread.LaunchRunner.run(LaunchRunner.java:61)
	at java.lang.Thread.run(Thread.java:748)
Caused by: java.lang.IllegalStateException: Unable to load cache item
	at org.springframework.cglib.core.internal.LoadingCache.createEntry(LoadingCache.java:79)
	at org.springframework.cglib.core.internal.LoadingCache.get(LoadingCache.java:34)
	at org.springframework.cglib.core.AbstractClassGenerator$ClassLoaderData.get(AbstractClassGenerator.java:116)
	at org.springframework.cglib.core.AbstractClassGenerator.create(AbstractClassGenerator.java:291)
	at org.springframework.cglib.proxy.Enhancer.createHelper(Enhancer.java:480)
	at org.springframework.cglib.proxy.Enhancer.createClass(Enhancer.java:337)
	at org.springframework.context.annotation.ConfigurationClassEnhancer.createClass(ConfigurationClassEnhancer.java:138)
	at org.springframework.context.annotation.ConfigurationClassEnhancer.enhance(ConfigurationClassEnhancer.java:110)
	at org.springframework.context.annotation.ConfigurationClassPostProcessor.enhanceConfigurationClasses(ConfigurationClassPostProcessor.java:394)
	... 38 common frames omitted
Caused by: java.lang.NoClassDefFoundError: org/springframework/boot/actuate/endpoint/AbstractEndpoint
	at java.lang.ClassLoader.defineClass1(Native Method)
	at java.lang.ClassLoader.defineClass(ClassLoader.java:763)
	at java.security.SecureClassLoader.defineClass(SecureClassLoader.java:142)
	at java.net.URLClassLoader.defineClass(URLClassLoader.java:467)
	at java.net.URLClassLoader.access$100(URLClassLoader.java:73)
	at java.net.URLClassLoader$1.run(URLClassLoader.java:368)
	at java.net.URLClassLoader$1.run(URLClassLoader.java:362)
	at java.security.AccessController.doPrivileged(Native Method)
	at java.net.URLClassLoader.findClass(URLClassLoader.java:361)
	at java.lang.ClassLoader.loadClass(ClassLoader.java:424)
	at com.alipay.sofa.ark.container.service.classloader.AbstractClasspathClassLoader.resolveLocalClass(AbstractClasspathClassLoader.java:302)
	at com.alipay.sofa.ark.container.service.classloader.BizClassLoader.loadClassInternal(BizClassLoader.java:98)
	at com.alipay.sofa.ark.container.service.classloader.AbstractClasspathClassLoader.loadClass(AbstractClasspathClassLoader.java:71)
	at java.lang.ClassLoader.loadClass(ClassLoader.java:357)
	at java.lang.Class.getDeclaredMethods0(Native Method)
	at java.lang.Class.privateGetDeclaredMethods(Class.java:2701)
	at java.lang.Class.getDeclaredMethods(Class.java:1975)
	at org.springframework.cglib.core.ReflectUtils.addAllMethods(ReflectUtils.java:416)
	at org.springframework.cglib.proxy.Enhancer.getMethods(Enhancer.java:540)
	at org.springframework.cglib.proxy.Enhancer.generateClass(Enhancer.java:575)
	at org.springframework.cglib.transform.TransformingClassGenerator.generateClass(TransformingClassGenerator.java:33)
	at org.springframework.cglib.core.DefaultGeneratorStrategy.generate(DefaultGeneratorStrategy.java:25)
	at org.springframework.context.annotation.ConfigurationClassEnhancer$BeanFactoryAwareGeneratorStrategy.generate(ConfigurationClassEnhancer.java:252)
	at org.springframework.cglib.core.AbstractClassGenerator.generate(AbstractClassGenerator.java:329)
	at org.springframework.cglib.proxy.Enhancer.generate(Enhancer.java:492)
	at org.springframework.cglib.core.AbstractClassGenerator$ClassLoaderData$3.apply(AbstractClassGenerator.java:93)
	at org.springframework.cglib.core.AbstractClassGenerator$ClassLoaderData$3.apply(AbstractClassGenerator.java:91)
	at org.springframework.cglib.core.internal.LoadingCache$2.call(LoadingCache.java:54)
	at java.util.concurrent.FutureTask.run(FutureTask.java:266)
	at org.springframework.cglib.core.internal.LoadingCache.createEntry(LoadingCache.java:61)
	... 46 common frames omitted
Caused by: com.alipay.sofa.ark.exception.ArkLoaderException: [ArkBiz Loader] Startup In IDE:Mock version : can not load class: org.springframework.boot.actuate.endpoint.AbstractEndpoint
	at com.alipay.sofa.ark.container.service.classloader.BizClassLoader.loadClassInternal(BizClassLoader.java:118)
	at com.alipay.sofa.ark.container.service.classloader.AbstractClasspathClassLoader.loadClass(AbstractClasspathClassLoader.java:71)
	at java.lang.ClassLoader.loadClass(ClassLoader.java:357)
	... 76 common frames omitted
2020-05-27 09:55:07.093 [main] ERROR org.springframework.boot.SpringApplication - Application startup failed
java.lang.IllegalStateException: Cannot load configuration class: com.alipay.sofa.ark.springboot1.CompatibleSpringBoot1AutoConfiguration
	at org.springframework.context.annotation.ConfigurationClassPostProcessor.enhanceConfigurationClasses(ConfigurationClassPostProcessor.java:404)
	at org.springframework.context.annotation.ConfigurationClassPostProcessor.postProcessBeanFactory(ConfigurationClassPostProcessor.java:249)
	at org.springframework.context.support.PostProcessorRegistrationDelegate.invokeBeanFactoryPostProcessors(PostProcessorRegistrationDelegate.java:283)
	at org.springframework.context.support.PostProcessorRegistrationDelegate.invokeBeanFactoryPostProcessors(PostProcessorRegistrationDelegate.java:127)
	at org.springframework.context.support.AbstractApplicationContext.invokeBeanFactoryPostProcessors(AbstractApplicationContext.java:687)
	at org.springframework.context.support.AbstractApplicationContext.refresh(AbstractApplicationContext.java:524)
	at org.springframework.boot.context.embedded.EmbeddedWebApplicationContext.refresh(EmbeddedWebApplicationContext.java:124)
	at org.springframework.boot.SpringApplication.refresh(SpringApplication.java:693)
	at org.springframework.boot.SpringApplication.refreshContext(SpringApplication.java:360)
	at org.springframework.boot.SpringApplication.run(SpringApplication.java:303)
	at org.springframework.boot.SpringApplication.run(SpringApplication.java:1118)
	at org.springframework.boot.SpringApplication.run(SpringApplication.java:1107)
	at com.badouchain.ManagerApplication.main(ManagerApplication.java:13)
	at sun.reflect.NativeMethodAccessorImpl.invoke0(Native Method)
	at sun.reflect.NativeMethodAccessorImpl.invoke(NativeMethodAccessorImpl.java:62)
	at sun.reflect.DelegatingMethodAccessorImpl.invoke(DelegatingMethodAccessorImpl.java:43)
	at java.lang.reflect.Method.invoke(Method.java:498)
	at com.alipay.sofa.ark.bootstrap.MainMethodRunner.run(MainMethodRunner.java:48)
	at com.alipay.sofa.ark.container.model.BizModel.start(BizModel.java:245)
	at com.alipay.sofa.ark.container.service.biz.DefaultBizDeployer.deploy(DefaultBizDeployer.java:52)
	at com.alipay.sofa.ark.container.service.biz.BizDeployServiceImpl.deploy(BizDeployServiceImpl.java:55)
	at com.alipay.sofa.ark.container.pipeline.DeployBizStage.process(DeployBizStage.java:46)
	at com.alipay.sofa.ark.container.pipeline.StandardPipeline.process(StandardPipeline.java:75)
	at com.alipay.sofa.ark.container.ArkContainer.start(ArkContainer.java:143)
	at com.alipay.sofa.ark.container.ArkContainer.main(ArkContainer.java:104)
	at sun.reflect.NativeMethodAccessorImpl.invoke0(Native Method)
	at sun.reflect.NativeMethodAccessorImpl.invoke(NativeMethodAccessorImpl.java:62)
	at sun.reflect.DelegatingMethodAccessorImpl.invoke(DelegatingMethodAccessorImpl.java:43)
	at java.lang.reflect.Method.invoke(Method.java:498)
	at com.alipay.sofa.ark.bootstrap.MainMethodRunner.run(MainMethodRunner.java:48)
	at com.alipay.sofa.ark.bootstrap.AbstractLauncher.launch(AbstractLauncher.java:97)
	at com.alipay.sofa.ark.bootstrap.AbstractLauncher.launch(AbstractLauncher.java:68)
	at com.alipay.sofa.ark.support.startup.SofaArkBootstrap.remain(SofaArkBootstrap.java:77)
	at sun.reflect.NativeMethodAccessorImpl.invoke0(Native Method)
	at sun.reflect.NativeMethodAccessorImpl.invoke(NativeMethodAccessorImpl.java:62)
	at sun.reflect.DelegatingMethodAccessorImpl.invoke(DelegatingMethodAccessorImpl.java:43)
	at java.lang.reflect.Method.invoke(Method.java:498)
	at com.alipay.sofa.ark.support.thread.LaunchRunner.run(LaunchRunner.java:61)
	at java.lang.Thread.run(Thread.java:748)
Caused by: java.lang.IllegalStateException: Unable to load cache item
	at org.springframework.cglib.core.internal.LoadingCache.createEntry(LoadingCache.java:79)
	at org.springframework.cglib.core.internal.LoadingCache.get(LoadingCache.java:34)
	at org.springframework.cglib.core.AbstractClassGenerator$ClassLoaderData.get(AbstractClassGenerator.java:116)
	at org.springframework.cglib.core.AbstractClassGenerator.create(AbstractClassGenerator.java:291)
	at org.springframework.cglib.proxy.Enhancer.createHelper(Enhancer.java:480)
	at org.springframework.cglib.proxy.Enhancer.createClass(Enhancer.java:337)
	at org.springframework.context.annotation.ConfigurationClassEnhancer.createClass(ConfigurationClassEnhancer.java:138)
	at org.springframework.context.annotation.ConfigurationClassEnhancer.enhance(ConfigurationClassEnhancer.java:110)
	at org.springframework.context.annotation.ConfigurationClassPostProcessor.enhanceConfigurationClasses(ConfigurationClassPostProcessor.java:394)
	... 38 common frames omitted
Caused by: java.lang.NoClassDefFoundError: org/springframework/boot/actuate/endpoint/AbstractEndpoint
	at java.lang.ClassLoader.defineClass1(Native Method)
	at java.lang.ClassLoader.defineClass(ClassLoader.java:763)
	at java.security.SecureClassLoader.defineClass(SecureClassLoader.java:142)
	at java.net.URLClassLoader.defineClass(URLClassLoader.java:467)
	at java.net.URLClassLoader.access$100(URLClassLoader.java:73)
	at java.net.URLClassLoader$1.run(URLClassLoader.java:368)
	at java.net.URLClassLoader$1.run(URLClassLoader.java:362)
	at java.security.AccessController.doPrivileged(Native Method)
	at java.net.URLClassLoader.findClass(URLClassLoader.java:361)
	at java.lang.ClassLoader.loadClass(ClassLoader.java:424)
	at com.alipay.sofa.ark.container.service.classloader.AbstractClasspathClassLoader.resolveLocalClass(AbstractClasspathClassLoader.java:302)
	at com.alipay.sofa.ark.container.service.classloader.BizClassLoader.loadClassInternal(BizClassLoader.java:98)
	at com.alipay.sofa.ark.container.service.classloader.AbstractClasspathClassLoader.loadClass(AbstractClasspathClassLoader.java:71)
	at java.lang.ClassLoader.loadClass(ClassLoader.java:357)
	at java.lang.Class.getDeclaredMethods0(Native Method)
	at java.lang.Class.privateGetDeclaredMethods(Class.java:2701)
	at java.lang.Class.getDeclaredMethods(Class.java:1975)
	at org.springframework.cglib.core.ReflectUtils.addAllMethods(ReflectUtils.java:416)
	at org.springframework.cglib.proxy.Enhancer.getMethods(Enhancer.java:540)
	at org.springframework.cglib.proxy.Enhancer.generateClass(Enhancer.java:575)
	at org.springframework.cglib.transform.TransformingClassGenerator.generateClass(TransformingClassGenerator.java:33)
	at org.springframework.cglib.core.DefaultGeneratorStrategy.generate(DefaultGeneratorStrategy.java:25)
	at org.springframework.context.annotation.ConfigurationClassEnhancer$BeanFactoryAwareGeneratorStrategy.generate(ConfigurationClassEnhancer.java:252)
	at org.springframework.cglib.core.AbstractClassGenerator.generate(AbstractClassGenerator.java:329)
	at org.springframework.cglib.proxy.Enhancer.generate(Enhancer.java:492)
	at org.springframework.cglib.core.AbstractClassGenerator$ClassLoaderData$3.apply(AbstractClassGenerator.java:93)
	at org.springframework.cglib.core.AbstractClassGenerator$ClassLoaderData$3.apply(AbstractClassGenerator.java:91)
	at org.springframework.cglib.core.internal.LoadingCache$2.call(LoadingCache.java:54)
	at java.util.concurrent.FutureTask.run(FutureTask.java:266)
	at org.springframework.cglib.core.internal.LoadingCache.createEntry(LoadingCache.java:61)
	... 46 common frames omitted
Caused by: com.alipay.sofa.ark.exception.ArkLoaderException: [ArkBiz Loader] Startup In IDE:Mock version : can not load class: org.springframework.boot.actuate.endpoint.AbstractEndpoint
	at com.alipay.sofa.ark.container.service.classloader.BizClassLoader.loadClassInternal(BizClassLoader.java:118)
	at com.alipay.sofa.ark.container.service.classloader.AbstractClasspathClassLoader.loadClass(AbstractClasspathClassLoader.java:71)
	at java.lang.ClassLoader.loadClass(ClassLoader.java:357)
	... 76 common frames omitted
2020-05-27 11:39:14.165 [main] ERROR org.springframework.boot.SpringApplication - Application startup failed
java.lang.IllegalStateException: Cannot load configuration class: com.alipay.sofa.ark.springboot1.CompatibleSpringBoot1AutoConfiguration
	at org.springframework.context.annotation.ConfigurationClassPostProcessor.enhanceConfigurationClasses(ConfigurationClassPostProcessor.java:404)
	at org.springframework.context.annotation.ConfigurationClassPostProcessor.postProcessBeanFactory(ConfigurationClassPostProcessor.java:249)
	at org.springframework.context.support.PostProcessorRegistrationDelegate.invokeBeanFactoryPostProcessors(PostProcessorRegistrationDelegate.java:283)
	at org.springframework.context.support.PostProcessorRegistrationDelegate.invokeBeanFactoryPostProcessors(PostProcessorRegistrationDelegate.java:127)
	at org.springframework.context.support.AbstractApplicationContext.invokeBeanFactoryPostProcessors(AbstractApplicationContext.java:687)
	at org.springframework.context.support.AbstractApplicationContext.refresh(AbstractApplicationContext.java:524)
	at org.springframework.boot.context.embedded.EmbeddedWebApplicationContext.refresh(EmbeddedWebApplicationContext.java:124)
	at org.springframework.boot.SpringApplication.refresh(SpringApplication.java:693)
	at org.springframework.boot.SpringApplication.refreshContext(SpringApplication.java:360)
	at org.springframework.boot.SpringApplication.run(SpringApplication.java:303)
	at org.springframework.boot.SpringApplication.run(SpringApplication.java:1118)
	at org.springframework.boot.SpringApplication.run(SpringApplication.java:1107)
	at com.badouchain.ManagerApplication.main(ManagerApplication.java:13)
	at sun.reflect.NativeMethodAccessorImpl.invoke0(Native Method)
	at sun.reflect.NativeMethodAccessorImpl.invoke(NativeMethodAccessorImpl.java:62)
	at sun.reflect.DelegatingMethodAccessorImpl.invoke(DelegatingMethodAccessorImpl.java:43)
	at java.lang.reflect.Method.invoke(Method.java:498)
	at com.alipay.sofa.ark.bootstrap.MainMethodRunner.run(MainMethodRunner.java:48)
	at com.alipay.sofa.ark.container.model.BizModel.start(BizModel.java:245)
	at com.alipay.sofa.ark.container.service.biz.DefaultBizDeployer.deploy(DefaultBizDeployer.java:52)
	at com.alipay.sofa.ark.container.service.biz.BizDeployServiceImpl.deploy(BizDeployServiceImpl.java:55)
	at com.alipay.sofa.ark.container.pipeline.DeployBizStage.process(DeployBizStage.java:46)
	at com.alipay.sofa.ark.container.pipeline.StandardPipeline.process(StandardPipeline.java:75)
	at com.alipay.sofa.ark.container.ArkContainer.start(ArkContainer.java:143)
	at com.alipay.sofa.ark.container.ArkContainer.main(ArkContainer.java:104)
	at sun.reflect.NativeMethodAccessorImpl.invoke0(Native Method)
	at sun.reflect.NativeMethodAccessorImpl.invoke(NativeMethodAccessorImpl.java:62)
	at sun.reflect.DelegatingMethodAccessorImpl.invoke(DelegatingMethodAccessorImpl.java:43)
	at java.lang.reflect.Method.invoke(Method.java:498)
	at com.alipay.sofa.ark.bootstrap.MainMethodRunner.run(MainMethodRunner.java:48)
	at com.alipay.sofa.ark.bootstrap.AbstractLauncher.launch(AbstractLauncher.java:97)
	at com.alipay.sofa.ark.bootstrap.AbstractLauncher.launch(AbstractLauncher.java:68)
	at com.alipay.sofa.ark.support.startup.SofaArkBootstrap.remain(SofaArkBootstrap.java:77)
	at sun.reflect.NativeMethodAccessorImpl.invoke0(Native Method)
	at sun.reflect.NativeMethodAccessorImpl.invoke(NativeMethodAccessorImpl.java:62)
	at sun.reflect.DelegatingMethodAccessorImpl.invoke(DelegatingMethodAccessorImpl.java:43)
	at java.lang.reflect.Method.invoke(Method.java:498)
	at com.alipay.sofa.ark.support.thread.LaunchRunner.run(LaunchRunner.java:61)
	at java.lang.Thread.run(Thread.java:748)
Caused by: java.lang.IllegalStateException: Unable to load cache item
	at org.springframework.cglib.core.internal.LoadingCache.createEntry(LoadingCache.java:79)
	at org.springframework.cglib.core.internal.LoadingCache.get(LoadingCache.java:34)
	at org.springframework.cglib.core.AbstractClassGenerator$ClassLoaderData.get(AbstractClassGenerator.java:116)
	at org.springframework.cglib.core.AbstractClassGenerator.create(AbstractClassGenerator.java:291)
	at org.springframework.cglib.proxy.Enhancer.createHelper(Enhancer.java:480)
	at org.springframework.cglib.proxy.Enhancer.createClass(Enhancer.java:337)
	at org.springframework.context.annotation.ConfigurationClassEnhancer.createClass(ConfigurationClassEnhancer.java:138)
	at org.springframework.context.annotation.ConfigurationClassEnhancer.enhance(ConfigurationClassEnhancer.java:110)
	at org.springframework.context.annotation.ConfigurationClassPostProcessor.enhanceConfigurationClasses(ConfigurationClassPostProcessor.java:394)
	... 38 common frames omitted
Caused by: java.lang.NoClassDefFoundError: org/springframework/boot/actuate/endpoint/AbstractEndpoint
	at java.lang.ClassLoader.defineClass1(Native Method)
	at java.lang.ClassLoader.defineClass(ClassLoader.java:763)
	at java.security.SecureClassLoader.defineClass(SecureClassLoader.java:142)
	at java.net.URLClassLoader.defineClass(URLClassLoader.java:467)
	at java.net.URLClassLoader.access$100(URLClassLoader.java:73)
	at java.net.URLClassLoader$1.run(URLClassLoader.java:368)
	at java.net.URLClassLoader$1.run(URLClassLoader.java:362)
	at java.security.AccessController.doPrivileged(Native Method)
	at java.net.URLClassLoader.findClass(URLClassLoader.java:361)
	at java.lang.ClassLoader.loadClass(ClassLoader.java:424)
	at com.alipay.sofa.ark.container.service.classloader.AbstractClasspathClassLoader.resolveLocalClass(AbstractClasspathClassLoader.java:302)
	at com.alipay.sofa.ark.container.service.classloader.BizClassLoader.loadClassInternal(BizClassLoader.java:98)
	at com.alipay.sofa.ark.container.service.classloader.AbstractClasspathClassLoader.loadClass(AbstractClasspathClassLoader.java:71)
	at java.lang.ClassLoader.loadClass(ClassLoader.java:357)
	at java.lang.Class.getDeclaredMethods0(Native Method)
	at java.lang.Class.privateGetDeclaredMethods(Class.java:2701)
	at java.lang.Class.getDeclaredMethods(Class.java:1975)
	at org.springframework.cglib.core.ReflectUtils.addAllMethods(ReflectUtils.java:416)
	at org.springframework.cglib.proxy.Enhancer.getMethods(Enhancer.java:540)
	at org.springframework.cglib.proxy.Enhancer.generateClass(Enhancer.java:575)
	at org.springframework.cglib.transform.TransformingClassGenerator.generateClass(TransformingClassGenerator.java:33)
	at org.springframework.cglib.core.DefaultGeneratorStrategy.generate(DefaultGeneratorStrategy.java:25)
	at org.springframework.context.annotation.ConfigurationClassEnhancer$BeanFactoryAwareGeneratorStrategy.generate(ConfigurationClassEnhancer.java:252)
	at org.springframework.cglib.core.AbstractClassGenerator.generate(AbstractClassGenerator.java:329)
	at org.springframework.cglib.proxy.Enhancer.generate(Enhancer.java:492)
	at org.springframework.cglib.core.AbstractClassGenerator$ClassLoaderData$3.apply(AbstractClassGenerator.java:93)
	at org.springframework.cglib.core.AbstractClassGenerator$ClassLoaderData$3.apply(AbstractClassGenerator.java:91)
	at org.springframework.cglib.core.internal.LoadingCache$2.call(LoadingCache.java:54)
	at java.util.concurrent.FutureTask.run(FutureTask.java:266)
	at org.springframework.cglib.core.internal.LoadingCache.createEntry(LoadingCache.java:61)
	... 46 common frames omitted
Caused by: com.alipay.sofa.ark.exception.ArkLoaderException: [ArkBiz Loader] Startup In IDE:Mock version : can not load class: org.springframework.boot.actuate.endpoint.AbstractEndpoint
	at com.alipay.sofa.ark.container.service.classloader.BizClassLoader.loadClassInternal(BizClassLoader.java:118)
	at com.alipay.sofa.ark.container.service.classloader.AbstractClasspathClassLoader.loadClass(AbstractClasspathClassLoader.java:71)
	at java.lang.ClassLoader.loadClass(ClassLoader.java:357)
	... 76 common frames omitted
