2020-05-26 15:49:52,909 ERROR main                             - Start biz: Startup In IDE meet error
java.lang.reflect.InvocationTargetException: null
	at sun.reflect.NativeMethodAccessorImpl.invoke0(Native Method)
	at sun.reflect.NativeMethodAccessorImpl.invoke(NativeMethodAccessorImpl.java:62)
	at sun.reflect.DelegatingMethodAccessorImpl.invoke(DelegatingMethodAccessorImpl.java:43)
	at java.lang.reflect.Method.invoke(Method.java:498)
	at com.alipay.sofa.ark.bootstrap.MainMethodRunner.run(MainMethodRunner.java:48)
	at com.alipay.sofa.ark.container.model.BizModel.start(BizModel.java:245)
	at com.alipay.sofa.ark.container.service.biz.DefaultBizDeployer.deploy(DefaultBizDeployer.java:52)
	at com.alipay.sofa.ark.container.service.biz.BizDeployServiceImpl.deploy(BizDeployServiceImpl.java:55)
	at com.alipay.sofa.ark.container.pipeline.DeployBizStage.process(DeployBizStage.java:46)
	at com.alipay.sofa.ark.container.pipeline.StandardPipeline.process(StandardPipeline.java:75)
	at com.alipay.sofa.ark.container.ArkContainer.start(ArkContainer.java:143)
	at com.alipay.sofa.ark.container.ArkContainer.main(ArkContainer.java:104)
	at sun.reflect.NativeMethodAccessorImpl.invoke0(Native Method)
	at sun.reflect.NativeMethodAccessorImpl.invoke(NativeMethodAccessorImpl.java:62)
	at sun.reflect.DelegatingMethodAccessorImpl.invoke(DelegatingMethodAccessorImpl.java:43)
	at java.lang.reflect.Method.invoke(Method.java:498)
	at com.alipay.sofa.ark.bootstrap.MainMethodRunner.run(MainMethodRunner.java:48)
	at com.alipay.sofa.ark.bootstrap.AbstractLauncher.launch(AbstractLauncher.java:97)
	at com.alipay.sofa.ark.bootstrap.AbstractLauncher.launch(AbstractLauncher.java:68)
	at com.alipay.sofa.ark.support.startup.SofaArkBootstrap.remain(SofaArkBootstrap.java:77)
	at sun.reflect.NativeMethodAccessorImpl.invoke0(Native Method)
	at sun.reflect.NativeMethodAccessorImpl.invoke(NativeMethodAccessorImpl.java:62)
	at sun.reflect.DelegatingMethodAccessorImpl.invoke(DelegatingMethodAccessorImpl.java:43)
	at java.lang.reflect.Method.invoke(Method.java:498)
	at com.alipay.sofa.ark.support.thread.LaunchRunner.run(LaunchRunner.java:61)
	at java.lang.Thread.run(Thread.java:748)
Caused by: org.springframework.context.ApplicationContextException: Unable to start embedded container; nested exception is java.lang.NoSuchMethodError: org.apache.coyote.AbstractProtocol.setBacklog(I)V
	at org.springframework.boot.context.embedded.EmbeddedWebApplicationContext.onRefresh(EmbeddedWebApplicationContext.java:139)
	at org.springframework.context.support.AbstractApplicationContext.refresh(AbstractApplicationContext.java:536)
	at org.springframework.boot.context.embedded.EmbeddedWebApplicationContext.refresh(EmbeddedWebApplicationContext.java:124)
	at org.springframework.boot.SpringApplication.refresh(SpringApplication.java:693)
	at org.springframework.boot.SpringApplication.refreshContext(SpringApplication.java:360)
	at org.springframework.boot.SpringApplication.run(SpringApplication.java:303)
	at org.springframework.boot.SpringApplication.run(SpringApplication.java:1118)
	at org.springframework.boot.SpringApplication.run(SpringApplication.java:1107)
	at com.badouchain.ManagerApplication.main(ManagerApplication.java:13)
	... 26 common frames omitted
Caused by: java.lang.NoSuchMethodError: org.apache.coyote.AbstractProtocol.setBacklog(I)V
	at org.springframework.boot.autoconfigure.web.ServerProperties$Tomcat$3.customize(ServerProperties.java:906)
	at org.springframework.boot.context.embedded.tomcat.TomcatEmbeddedServletContainerFactory.customizeConnector(TomcatEmbeddedServletContainerFactory.java:336)
	at org.springframework.boot.context.embedded.tomcat.TomcatEmbeddedServletContainerFactory.getEmbeddedServletContainer(TomcatEmbeddedServletContainerFactory.java:171)
	at org.springframework.boot.context.embedded.EmbeddedWebApplicationContext.createEmbeddedServletContainer(EmbeddedWebApplicationContext.java:166)
	at org.springframework.boot.context.embedded.EmbeddedWebApplicationContext.onRefresh(EmbeddedWebApplicationContext.java:136)
	... 34 common frames omitted
2020-05-26 15:49:52,910 ERROR main                             - Process pipeline stage fail: com.alipay.sofa.ark.container.pipeline.DeployBizStage
com.alipay.sofa.ark.exception.ArkRuntimeException: java.lang.reflect.InvocationTargetException
	at com.alipay.sofa.ark.container.service.biz.DefaultBizDeployer.deploy(DefaultBizDeployer.java:56)
	at com.alipay.sofa.ark.container.service.biz.BizDeployServiceImpl.deploy(BizDeployServiceImpl.java:55)
	at com.alipay.sofa.ark.container.pipeline.DeployBizStage.process(DeployBizStage.java:46)
	at com.alipay.sofa.ark.container.pipeline.StandardPipeline.process(StandardPipeline.java:75)
	at com.alipay.sofa.ark.container.ArkContainer.start(ArkContainer.java:143)
	at com.alipay.sofa.ark.container.ArkContainer.main(ArkContainer.java:104)
	at sun.reflect.NativeMethodAccessorImpl.invoke0(Native Method)
	at sun.reflect.NativeMethodAccessorImpl.invoke(NativeMethodAccessorImpl.java:62)
	at sun.reflect.DelegatingMethodAccessorImpl.invoke(DelegatingMethodAccessorImpl.java:43)
	at java.lang.reflect.Method.invoke(Method.java:498)
	at com.alipay.sofa.ark.bootstrap.MainMethodRunner.run(MainMethodRunner.java:48)
	at com.alipay.sofa.ark.bootstrap.AbstractLauncher.launch(AbstractLauncher.java:97)
	at com.alipay.sofa.ark.bootstrap.AbstractLauncher.launch(AbstractLauncher.java:68)
	at com.alipay.sofa.ark.support.startup.SofaArkBootstrap.remain(SofaArkBootstrap.java:77)
	at sun.reflect.NativeMethodAccessorImpl.invoke0(Native Method)
	at sun.reflect.NativeMethodAccessorImpl.invoke(NativeMethodAccessorImpl.java:62)
	at sun.reflect.DelegatingMethodAccessorImpl.invoke(DelegatingMethodAccessorImpl.java:43)
	at java.lang.reflect.Method.invoke(Method.java:498)
	at com.alipay.sofa.ark.support.thread.LaunchRunner.run(LaunchRunner.java:61)
	at java.lang.Thread.run(Thread.java:748)
Caused by: java.lang.reflect.InvocationTargetException: null
	at sun.reflect.NativeMethodAccessorImpl.invoke0(Native Method)
	at sun.reflect.NativeMethodAccessorImpl.invoke(NativeMethodAccessorImpl.java:62)
	at sun.reflect.DelegatingMethodAccessorImpl.invoke(DelegatingMethodAccessorImpl.java:43)
	at java.lang.reflect.Method.invoke(Method.java:498)
	at com.alipay.sofa.ark.bootstrap.MainMethodRunner.run(MainMethodRunner.java:48)
	at com.alipay.sofa.ark.container.model.BizModel.start(BizModel.java:245)
	at com.alipay.sofa.ark.container.service.biz.DefaultBizDeployer.deploy(DefaultBizDeployer.java:52)
	... 19 common frames omitted
Caused by: org.springframework.context.ApplicationContextException: Unable to start embedded container; nested exception is java.lang.NoSuchMethodError: org.apache.coyote.AbstractProtocol.setBacklog(I)V
	at org.springframework.boot.context.embedded.EmbeddedWebApplicationContext.onRefresh(EmbeddedWebApplicationContext.java:139)
	at org.springframework.context.support.AbstractApplicationContext.refresh(AbstractApplicationContext.java:536)
	at org.springframework.boot.context.embedded.EmbeddedWebApplicationContext.refresh(EmbeddedWebApplicationContext.java:124)
	at org.springframework.boot.SpringApplication.refresh(SpringApplication.java:693)
	at org.springframework.boot.SpringApplication.refreshContext(SpringApplication.java:360)
	at org.springframework.boot.SpringApplication.run(SpringApplication.java:303)
	at org.springframework.boot.SpringApplication.run(SpringApplication.java:1118)
	at org.springframework.boot.SpringApplication.run(SpringApplication.java:1107)
	at com.badouchain.ManagerApplication.main(ManagerApplication.java:13)
	... 26 common frames omitted
Caused by: java.lang.NoSuchMethodError: org.apache.coyote.AbstractProtocol.setBacklog(I)V
	at org.springframework.boot.autoconfigure.web.ServerProperties$Tomcat$3.customize(ServerProperties.java:906)
	at org.springframework.boot.context.embedded.tomcat.TomcatEmbeddedServletContainerFactory.customizeConnector(TomcatEmbeddedServletContainerFactory.java:336)
	at org.springframework.boot.context.embedded.tomcat.TomcatEmbeddedServletContainerFactory.getEmbeddedServletContainer(TomcatEmbeddedServletContainerFactory.java:171)
	at org.springframework.boot.context.embedded.EmbeddedWebApplicationContext.createEmbeddedServletContainer(EmbeddedWebApplicationContext.java:166)
	at org.springframework.boot.context.embedded.EmbeddedWebApplicationContext.onRefresh(EmbeddedWebApplicationContext.java:136)
	... 34 common frames omitted
2020-05-26 15:54:21,334 ERROR main                             - Start biz: Startup In IDE meet error
java.lang.reflect.InvocationTargetException: null
	at sun.reflect.NativeMethodAccessorImpl.invoke0(Native Method)
	at sun.reflect.NativeMethodAccessorImpl.invoke(NativeMethodAccessorImpl.java:62)
	at sun.reflect.DelegatingMethodAccessorImpl.invoke(DelegatingMethodAccessorImpl.java:43)
	at java.lang.reflect.Method.invoke(Method.java:498)
	at com.alipay.sofa.ark.bootstrap.MainMethodRunner.run(MainMethodRunner.java:48)
	at com.alipay.sofa.ark.container.model.BizModel.start(BizModel.java:245)
	at com.alipay.sofa.ark.container.service.biz.DefaultBizDeployer.deploy(DefaultBizDeployer.java:52)
	at com.alipay.sofa.ark.container.service.biz.BizDeployServiceImpl.deploy(BizDeployServiceImpl.java:55)
	at com.alipay.sofa.ark.container.pipeline.DeployBizStage.process(DeployBizStage.java:46)
	at com.alipay.sofa.ark.container.pipeline.StandardPipeline.process(StandardPipeline.java:75)
	at com.alipay.sofa.ark.container.ArkContainer.start(ArkContainer.java:143)
	at com.alipay.sofa.ark.container.ArkContainer.main(ArkContainer.java:104)
	at sun.reflect.NativeMethodAccessorImpl.invoke0(Native Method)
	at sun.reflect.NativeMethodAccessorImpl.invoke(NativeMethodAccessorImpl.java:62)
	at sun.reflect.DelegatingMethodAccessorImpl.invoke(DelegatingMethodAccessorImpl.java:43)
	at java.lang.reflect.Method.invoke(Method.java:498)
	at com.alipay.sofa.ark.bootstrap.MainMethodRunner.run(MainMethodRunner.java:48)
	at com.alipay.sofa.ark.bootstrap.AbstractLauncher.launch(AbstractLauncher.java:97)
	at com.alipay.sofa.ark.bootstrap.AbstractLauncher.launch(AbstractLauncher.java:68)
	at com.alipay.sofa.ark.support.startup.SofaArkBootstrap.remain(SofaArkBootstrap.java:77)
	at sun.reflect.NativeMethodAccessorImpl.invoke0(Native Method)
	at sun.reflect.NativeMethodAccessorImpl.invoke(NativeMethodAccessorImpl.java:62)
	at sun.reflect.DelegatingMethodAccessorImpl.invoke(DelegatingMethodAccessorImpl.java:43)
	at java.lang.reflect.Method.invoke(Method.java:498)
	at com.alipay.sofa.ark.support.thread.LaunchRunner.run(LaunchRunner.java:61)
	at java.lang.Thread.run(Thread.java:748)
Caused by: org.springframework.context.ApplicationContextException: Unable to start embedded container; nested exception is java.lang.NoSuchMethodError: org.apache.coyote.AbstractProtocol.setBacklog(I)V
	at org.springframework.boot.context.embedded.EmbeddedWebApplicationContext.onRefresh(EmbeddedWebApplicationContext.java:139)
	at org.springframework.context.support.AbstractApplicationContext.refresh(AbstractApplicationContext.java:536)
	at org.springframework.boot.context.embedded.EmbeddedWebApplicationContext.refresh(EmbeddedWebApplicationContext.java:124)
	at org.springframework.boot.SpringApplication.refresh(SpringApplication.java:693)
	at org.springframework.boot.SpringApplication.refreshContext(SpringApplication.java:360)
	at org.springframework.boot.SpringApplication.run(SpringApplication.java:303)
	at org.springframework.boot.SpringApplication.run(SpringApplication.java:1118)
	at org.springframework.boot.SpringApplication.run(SpringApplication.java:1107)
	at com.badouchain.ManagerApplication.main(ManagerApplication.java:13)
	... 26 common frames omitted
Caused by: java.lang.NoSuchMethodError: org.apache.coyote.AbstractProtocol.setBacklog(I)V
	at org.springframework.boot.autoconfigure.web.ServerProperties$Tomcat$3.customize(ServerProperties.java:906)
	at org.springframework.boot.context.embedded.tomcat.TomcatEmbeddedServletContainerFactory.customizeConnector(TomcatEmbeddedServletContainerFactory.java:336)
	at org.springframework.boot.context.embedded.tomcat.TomcatEmbeddedServletContainerFactory.getEmbeddedServletContainer(TomcatEmbeddedServletContainerFactory.java:171)
	at org.springframework.boot.context.embedded.EmbeddedWebApplicationContext.createEmbeddedServletContainer(EmbeddedWebApplicationContext.java:166)
	at org.springframework.boot.context.embedded.EmbeddedWebApplicationContext.onRefresh(EmbeddedWebApplicationContext.java:136)
	... 34 common frames omitted
2020-05-26 15:54:21,335 ERROR main                             - Process pipeline stage fail: com.alipay.sofa.ark.container.pipeline.DeployBizStage
com.alipay.sofa.ark.exception.ArkRuntimeException: java.lang.reflect.InvocationTargetException
	at com.alipay.sofa.ark.container.service.biz.DefaultBizDeployer.deploy(DefaultBizDeployer.java:56)
	at com.alipay.sofa.ark.container.service.biz.BizDeployServiceImpl.deploy(BizDeployServiceImpl.java:55)
	at com.alipay.sofa.ark.container.pipeline.DeployBizStage.process(DeployBizStage.java:46)
	at com.alipay.sofa.ark.container.pipeline.StandardPipeline.process(StandardPipeline.java:75)
	at com.alipay.sofa.ark.container.ArkContainer.start(ArkContainer.java:143)
	at com.alipay.sofa.ark.container.ArkContainer.main(ArkContainer.java:104)
	at sun.reflect.NativeMethodAccessorImpl.invoke0(Native Method)
	at sun.reflect.NativeMethodAccessorImpl.invoke(NativeMethodAccessorImpl.java:62)
	at sun.reflect.DelegatingMethodAccessorImpl.invoke(DelegatingMethodAccessorImpl.java:43)
	at java.lang.reflect.Method.invoke(Method.java:498)
	at com.alipay.sofa.ark.bootstrap.MainMethodRunner.run(MainMethodRunner.java:48)
	at com.alipay.sofa.ark.bootstrap.AbstractLauncher.launch(AbstractLauncher.java:97)
	at com.alipay.sofa.ark.bootstrap.AbstractLauncher.launch(AbstractLauncher.java:68)
	at com.alipay.sofa.ark.support.startup.SofaArkBootstrap.remain(SofaArkBootstrap.java:77)
	at sun.reflect.NativeMethodAccessorImpl.invoke0(Native Method)
	at sun.reflect.NativeMethodAccessorImpl.invoke(NativeMethodAccessorImpl.java:62)
	at sun.reflect.DelegatingMethodAccessorImpl.invoke(DelegatingMethodAccessorImpl.java:43)
	at java.lang.reflect.Method.invoke(Method.java:498)
	at com.alipay.sofa.ark.support.thread.LaunchRunner.run(LaunchRunner.java:61)
	at java.lang.Thread.run(Thread.java:748)
Caused by: java.lang.reflect.InvocationTargetException: null
	at sun.reflect.NativeMethodAccessorImpl.invoke0(Native Method)
	at sun.reflect.NativeMethodAccessorImpl.invoke(NativeMethodAccessorImpl.java:62)
	at sun.reflect.DelegatingMethodAccessorImpl.invoke(DelegatingMethodAccessorImpl.java:43)
	at java.lang.reflect.Method.invoke(Method.java:498)
	at com.alipay.sofa.ark.bootstrap.MainMethodRunner.run(MainMethodRunner.java:48)
	at com.alipay.sofa.ark.container.model.BizModel.start(BizModel.java:245)
	at com.alipay.sofa.ark.container.service.biz.DefaultBizDeployer.deploy(DefaultBizDeployer.java:52)
	... 19 common frames omitted
Caused by: org.springframework.context.ApplicationContextException: Unable to start embedded container; nested exception is java.lang.NoSuchMethodError: org.apache.coyote.AbstractProtocol.setBacklog(I)V
	at org.springframework.boot.context.embedded.EmbeddedWebApplicationContext.onRefresh(EmbeddedWebApplicationContext.java:139)
	at org.springframework.context.support.AbstractApplicationContext.refresh(AbstractApplicationContext.java:536)
	at org.springframework.boot.context.embedded.EmbeddedWebApplicationContext.refresh(EmbeddedWebApplicationContext.java:124)
	at org.springframework.boot.SpringApplication.refresh(SpringApplication.java:693)
	at org.springframework.boot.SpringApplication.refreshContext(SpringApplication.java:360)
	at org.springframework.boot.SpringApplication.run(SpringApplication.java:303)
	at org.springframework.boot.SpringApplication.run(SpringApplication.java:1118)
	at org.springframework.boot.SpringApplication.run(SpringApplication.java:1107)
	at com.badouchain.ManagerApplication.main(ManagerApplication.java:13)
	... 26 common frames omitted
Caused by: java.lang.NoSuchMethodError: org.apache.coyote.AbstractProtocol.setBacklog(I)V
	at org.springframework.boot.autoconfigure.web.ServerProperties$Tomcat$3.customize(ServerProperties.java:906)
	at org.springframework.boot.context.embedded.tomcat.TomcatEmbeddedServletContainerFactory.customizeConnector(TomcatEmbeddedServletContainerFactory.java:336)
	at org.springframework.boot.context.embedded.tomcat.TomcatEmbeddedServletContainerFactory.getEmbeddedServletContainer(TomcatEmbeddedServletContainerFactory.java:171)
	at org.springframework.boot.context.embedded.EmbeddedWebApplicationContext.createEmbeddedServletContainer(EmbeddedWebApplicationContext.java:166)
	at org.springframework.boot.context.embedded.EmbeddedWebApplicationContext.onRefresh(EmbeddedWebApplicationContext.java:136)
	... 34 common frames omitted
2020-05-26 16:07:43,049 ERROR main                             - Start biz: Startup In IDE meet error
java.lang.reflect.InvocationTargetException: null
	at sun.reflect.NativeMethodAccessorImpl.invoke0(Native Method)
	at sun.reflect.NativeMethodAccessorImpl.invoke(NativeMethodAccessorImpl.java:62)
	at sun.reflect.DelegatingMethodAccessorImpl.invoke(DelegatingMethodAccessorImpl.java:43)
	at java.lang.reflect.Method.invoke(Method.java:498)
	at com.alipay.sofa.ark.bootstrap.MainMethodRunner.run(MainMethodRunner.java:48)
	at com.alipay.sofa.ark.container.model.BizModel.start(BizModel.java:245)
	at com.alipay.sofa.ark.container.service.biz.DefaultBizDeployer.deploy(DefaultBizDeployer.java:52)
	at com.alipay.sofa.ark.container.service.biz.BizDeployServiceImpl.deploy(BizDeployServiceImpl.java:55)
	at com.alipay.sofa.ark.container.pipeline.DeployBizStage.process(DeployBizStage.java:46)
	at com.alipay.sofa.ark.container.pipeline.StandardPipeline.process(StandardPipeline.java:75)
	at com.alipay.sofa.ark.container.ArkContainer.start(ArkContainer.java:143)
	at com.alipay.sofa.ark.container.ArkContainer.main(ArkContainer.java:104)
	at sun.reflect.NativeMethodAccessorImpl.invoke0(Native Method)
	at sun.reflect.NativeMethodAccessorImpl.invoke(NativeMethodAccessorImpl.java:62)
	at sun.reflect.DelegatingMethodAccessorImpl.invoke(DelegatingMethodAccessorImpl.java:43)
	at java.lang.reflect.Method.invoke(Method.java:498)
	at com.alipay.sofa.ark.bootstrap.MainMethodRunner.run(MainMethodRunner.java:48)
	at com.alipay.sofa.ark.bootstrap.AbstractLauncher.launch(AbstractLauncher.java:97)
	at com.alipay.sofa.ark.bootstrap.AbstractLauncher.launch(AbstractLauncher.java:68)
	at com.alipay.sofa.ark.support.startup.SofaArkBootstrap.remain(SofaArkBootstrap.java:77)
	at sun.reflect.NativeMethodAccessorImpl.invoke0(Native Method)
	at sun.reflect.NativeMethodAccessorImpl.invoke(NativeMethodAccessorImpl.java:62)
	at sun.reflect.DelegatingMethodAccessorImpl.invoke(DelegatingMethodAccessorImpl.java:43)
	at java.lang.reflect.Method.invoke(Method.java:498)
	at com.alipay.sofa.ark.support.thread.LaunchRunner.run(LaunchRunner.java:61)
	at java.lang.Thread.run(Thread.java:748)
Caused by: org.springframework.context.ApplicationContextException: Unable to start embedded container; nested exception is java.lang.NoSuchMethodError: org.apache.coyote.AbstractProtocol.setBacklog(I)V
	at org.springframework.boot.context.embedded.EmbeddedWebApplicationContext.onRefresh(EmbeddedWebApplicationContext.java:139)
	at org.springframework.context.support.AbstractApplicationContext.refresh(AbstractApplicationContext.java:536)
	at org.springframework.boot.context.embedded.EmbeddedWebApplicationContext.refresh(EmbeddedWebApplicationContext.java:124)
	at org.springframework.boot.SpringApplication.refresh(SpringApplication.java:693)
	at org.springframework.boot.SpringApplication.refreshContext(SpringApplication.java:360)
	at org.springframework.boot.SpringApplication.run(SpringApplication.java:303)
	at org.springframework.boot.SpringApplication.run(SpringApplication.java:1118)
	at org.springframework.boot.SpringApplication.run(SpringApplication.java:1107)
	at com.badouchain.ManagerApplication.main(ManagerApplication.java:13)
	... 26 common frames omitted
Caused by: java.lang.NoSuchMethodError: org.apache.coyote.AbstractProtocol.setBacklog(I)V
	at org.springframework.boot.autoconfigure.web.ServerProperties$Tomcat$3.customize(ServerProperties.java:906)
	at org.springframework.boot.context.embedded.tomcat.TomcatEmbeddedServletContainerFactory.customizeConnector(TomcatEmbeddedServletContainerFactory.java:336)
	at org.springframework.boot.context.embedded.tomcat.TomcatEmbeddedServletContainerFactory.getEmbeddedServletContainer(TomcatEmbeddedServletContainerFactory.java:171)
	at org.springframework.boot.context.embedded.EmbeddedWebApplicationContext.createEmbeddedServletContainer(EmbeddedWebApplicationContext.java:166)
	at org.springframework.boot.context.embedded.EmbeddedWebApplicationContext.onRefresh(EmbeddedWebApplicationContext.java:136)
	... 34 common frames omitted
2020-05-26 16:07:43,050 ERROR main                             - Process pipeline stage fail: com.alipay.sofa.ark.container.pipeline.DeployBizStage
com.alipay.sofa.ark.exception.ArkRuntimeException: java.lang.reflect.InvocationTargetException
	at com.alipay.sofa.ark.container.service.biz.DefaultBizDeployer.deploy(DefaultBizDeployer.java:56)
	at com.alipay.sofa.ark.container.service.biz.BizDeployServiceImpl.deploy(BizDeployServiceImpl.java:55)
	at com.alipay.sofa.ark.container.pipeline.DeployBizStage.process(DeployBizStage.java:46)
	at com.alipay.sofa.ark.container.pipeline.StandardPipeline.process(StandardPipeline.java:75)
	at com.alipay.sofa.ark.container.ArkContainer.start(ArkContainer.java:143)
	at com.alipay.sofa.ark.container.ArkContainer.main(ArkContainer.java:104)
	at sun.reflect.NativeMethodAccessorImpl.invoke0(Native Method)
	at sun.reflect.NativeMethodAccessorImpl.invoke(NativeMethodAccessorImpl.java:62)
	at sun.reflect.DelegatingMethodAccessorImpl.invoke(DelegatingMethodAccessorImpl.java:43)
	at java.lang.reflect.Method.invoke(Method.java:498)
	at com.alipay.sofa.ark.bootstrap.MainMethodRunner.run(MainMethodRunner.java:48)
	at com.alipay.sofa.ark.bootstrap.AbstractLauncher.launch(AbstractLauncher.java:97)
	at com.alipay.sofa.ark.bootstrap.AbstractLauncher.launch(AbstractLauncher.java:68)
	at com.alipay.sofa.ark.support.startup.SofaArkBootstrap.remain(SofaArkBootstrap.java:77)
	at sun.reflect.NativeMethodAccessorImpl.invoke0(Native Method)
	at sun.reflect.NativeMethodAccessorImpl.invoke(NativeMethodAccessorImpl.java:62)
	at sun.reflect.DelegatingMethodAccessorImpl.invoke(DelegatingMethodAccessorImpl.java:43)
	at java.lang.reflect.Method.invoke(Method.java:498)
	at com.alipay.sofa.ark.support.thread.LaunchRunner.run(LaunchRunner.java:61)
	at java.lang.Thread.run(Thread.java:748)
Caused by: java.lang.reflect.InvocationTargetException: null
	at sun.reflect.NativeMethodAccessorImpl.invoke0(Native Method)
	at sun.reflect.NativeMethodAccessorImpl.invoke(NativeMethodAccessorImpl.java:62)
	at sun.reflect.DelegatingMethodAccessorImpl.invoke(DelegatingMethodAccessorImpl.java:43)
	at java.lang.reflect.Method.invoke(Method.java:498)
	at com.alipay.sofa.ark.bootstrap.MainMethodRunner.run(MainMethodRunner.java:48)
	at com.alipay.sofa.ark.container.model.BizModel.start(BizModel.java:245)
	at com.alipay.sofa.ark.container.service.biz.DefaultBizDeployer.deploy(DefaultBizDeployer.java:52)
	... 19 common frames omitted
Caused by: org.springframework.context.ApplicationContextException: Unable to start embedded container; nested exception is java.lang.NoSuchMethodError: org.apache.coyote.AbstractProtocol.setBacklog(I)V
	at org.springframework.boot.context.embedded.EmbeddedWebApplicationContext.onRefresh(EmbeddedWebApplicationContext.java:139)
	at org.springframework.context.support.AbstractApplicationContext.refresh(AbstractApplicationContext.java:536)
	at org.springframework.boot.context.embedded.EmbeddedWebApplicationContext.refresh(EmbeddedWebApplicationContext.java:124)
	at org.springframework.boot.SpringApplication.refresh(SpringApplication.java:693)
	at org.springframework.boot.SpringApplication.refreshContext(SpringApplication.java:360)
	at org.springframework.boot.SpringApplication.run(SpringApplication.java:303)
	at org.springframework.boot.SpringApplication.run(SpringApplication.java:1118)
	at org.springframework.boot.SpringApplication.run(SpringApplication.java:1107)
	at com.badouchain.ManagerApplication.main(ManagerApplication.java:13)
	... 26 common frames omitted
Caused by: java.lang.NoSuchMethodError: org.apache.coyote.AbstractProtocol.setBacklog(I)V
	at org.springframework.boot.autoconfigure.web.ServerProperties$Tomcat$3.customize(ServerProperties.java:906)
	at org.springframework.boot.context.embedded.tomcat.TomcatEmbeddedServletContainerFactory.customizeConnector(TomcatEmbeddedServletContainerFactory.java:336)
	at org.springframework.boot.context.embedded.tomcat.TomcatEmbeddedServletContainerFactory.getEmbeddedServletContainer(TomcatEmbeddedServletContainerFactory.java:171)
	at org.springframework.boot.context.embedded.EmbeddedWebApplicationContext.createEmbeddedServletContainer(EmbeddedWebApplicationContext.java:166)
	at org.springframework.boot.context.embedded.EmbeddedWebApplicationContext.onRefresh(EmbeddedWebApplicationContext.java:136)
	... 34 common frames omitted
2020-05-26 16:09:40,335 ERROR main                             - Start biz: Startup In IDE meet error
java.lang.reflect.InvocationTargetException: null
	at sun.reflect.NativeMethodAccessorImpl.invoke0(Native Method)
	at sun.reflect.NativeMethodAccessorImpl.invoke(NativeMethodAccessorImpl.java:62)
	at sun.reflect.DelegatingMethodAccessorImpl.invoke(DelegatingMethodAccessorImpl.java:43)
	at java.lang.reflect.Method.invoke(Method.java:498)
	at com.alipay.sofa.ark.bootstrap.MainMethodRunner.run(MainMethodRunner.java:48)
	at com.alipay.sofa.ark.container.model.BizModel.start(BizModel.java:245)
	at com.alipay.sofa.ark.container.service.biz.DefaultBizDeployer.deploy(DefaultBizDeployer.java:52)
	at com.alipay.sofa.ark.container.service.biz.BizDeployServiceImpl.deploy(BizDeployServiceImpl.java:55)
	at com.alipay.sofa.ark.container.pipeline.DeployBizStage.process(DeployBizStage.java:46)
	at com.alipay.sofa.ark.container.pipeline.StandardPipeline.process(StandardPipeline.java:75)
	at com.alipay.sofa.ark.container.ArkContainer.start(ArkContainer.java:143)
	at com.alipay.sofa.ark.container.ArkContainer.main(ArkContainer.java:104)
	at sun.reflect.NativeMethodAccessorImpl.invoke0(Native Method)
	at sun.reflect.NativeMethodAccessorImpl.invoke(NativeMethodAccessorImpl.java:62)
	at sun.reflect.DelegatingMethodAccessorImpl.invoke(DelegatingMethodAccessorImpl.java:43)
	at java.lang.reflect.Method.invoke(Method.java:498)
	at com.alipay.sofa.ark.bootstrap.MainMethodRunner.run(MainMethodRunner.java:48)
	at com.alipay.sofa.ark.bootstrap.AbstractLauncher.launch(AbstractLauncher.java:97)
	at com.alipay.sofa.ark.bootstrap.AbstractLauncher.launch(AbstractLauncher.java:68)
	at com.alipay.sofa.ark.support.startup.SofaArkBootstrap.remain(SofaArkBootstrap.java:77)
	at sun.reflect.NativeMethodAccessorImpl.invoke0(Native Method)
	at sun.reflect.NativeMethodAccessorImpl.invoke(NativeMethodAccessorImpl.java:62)
	at sun.reflect.DelegatingMethodAccessorImpl.invoke(DelegatingMethodAccessorImpl.java:43)
	at java.lang.reflect.Method.invoke(Method.java:498)
	at com.alipay.sofa.ark.support.thread.LaunchRunner.run(LaunchRunner.java:61)
	at java.lang.Thread.run(Thread.java:748)
Caused by: org.springframework.context.ApplicationContextException: Unable to start embedded container; nested exception is java.lang.NoSuchMethodError: org.apache.coyote.AbstractProtocol.setBacklog(I)V
	at org.springframework.boot.context.embedded.EmbeddedWebApplicationContext.onRefresh(EmbeddedWebApplicationContext.java:139)
	at org.springframework.context.support.AbstractApplicationContext.refresh(AbstractApplicationContext.java:536)
	at org.springframework.boot.context.embedded.EmbeddedWebApplicationContext.refresh(EmbeddedWebApplicationContext.java:124)
	at org.springframework.boot.SpringApplication.refresh(SpringApplication.java:693)
	at org.springframework.boot.SpringApplication.refreshContext(SpringApplication.java:360)
	at org.springframework.boot.SpringApplication.run(SpringApplication.java:303)
	at org.springframework.boot.SpringApplication.run(SpringApplication.java:1118)
	at org.springframework.boot.SpringApplication.run(SpringApplication.java:1107)
	at com.badouchain.ManagerApplication.main(ManagerApplication.java:13)
	... 26 common frames omitted
Caused by: java.lang.NoSuchMethodError: org.apache.coyote.AbstractProtocol.setBacklog(I)V
	at org.springframework.boot.autoconfigure.web.ServerProperties$Tomcat$3.customize(ServerProperties.java:906)
	at org.springframework.boot.context.embedded.tomcat.TomcatEmbeddedServletContainerFactory.customizeConnector(TomcatEmbeddedServletContainerFactory.java:336)
	at org.springframework.boot.context.embedded.tomcat.TomcatEmbeddedServletContainerFactory.getEmbeddedServletContainer(TomcatEmbeddedServletContainerFactory.java:171)
	at org.springframework.boot.context.embedded.EmbeddedWebApplicationContext.createEmbeddedServletContainer(EmbeddedWebApplicationContext.java:166)
	at org.springframework.boot.context.embedded.EmbeddedWebApplicationContext.onRefresh(EmbeddedWebApplicationContext.java:136)
	... 34 common frames omitted
2020-05-26 16:09:40,337 ERROR main                             - Process pipeline stage fail: com.alipay.sofa.ark.container.pipeline.DeployBizStage
com.alipay.sofa.ark.exception.ArkRuntimeException: java.lang.reflect.InvocationTargetException
	at com.alipay.sofa.ark.container.service.biz.DefaultBizDeployer.deploy(DefaultBizDeployer.java:56)
	at com.alipay.sofa.ark.container.service.biz.BizDeployServiceImpl.deploy(BizDeployServiceImpl.java:55)
	at com.alipay.sofa.ark.container.pipeline.DeployBizStage.process(DeployBizStage.java:46)
	at com.alipay.sofa.ark.container.pipeline.StandardPipeline.process(StandardPipeline.java:75)
	at com.alipay.sofa.ark.container.ArkContainer.start(ArkContainer.java:143)
	at com.alipay.sofa.ark.container.ArkContainer.main(ArkContainer.java:104)
	at sun.reflect.NativeMethodAccessorImpl.invoke0(Native Method)
	at sun.reflect.NativeMethodAccessorImpl.invoke(NativeMethodAccessorImpl.java:62)
	at sun.reflect.DelegatingMethodAccessorImpl.invoke(DelegatingMethodAccessorImpl.java:43)
	at java.lang.reflect.Method.invoke(Method.java:498)
	at com.alipay.sofa.ark.bootstrap.MainMethodRunner.run(MainMethodRunner.java:48)
	at com.alipay.sofa.ark.bootstrap.AbstractLauncher.launch(AbstractLauncher.java:97)
	at com.alipay.sofa.ark.bootstrap.AbstractLauncher.launch(AbstractLauncher.java:68)
	at com.alipay.sofa.ark.support.startup.SofaArkBootstrap.remain(SofaArkBootstrap.java:77)
	at sun.reflect.NativeMethodAccessorImpl.invoke0(Native Method)
	at sun.reflect.NativeMethodAccessorImpl.invoke(NativeMethodAccessorImpl.java:62)
	at sun.reflect.DelegatingMethodAccessorImpl.invoke(DelegatingMethodAccessorImpl.java:43)
	at java.lang.reflect.Method.invoke(Method.java:498)
	at com.alipay.sofa.ark.support.thread.LaunchRunner.run(LaunchRunner.java:61)
	at java.lang.Thread.run(Thread.java:748)
Caused by: java.lang.reflect.InvocationTargetException: null
	at sun.reflect.NativeMethodAccessorImpl.invoke0(Native Method)
	at sun.reflect.NativeMethodAccessorImpl.invoke(NativeMethodAccessorImpl.java:62)
	at sun.reflect.DelegatingMethodAccessorImpl.invoke(DelegatingMethodAccessorImpl.java:43)
	at java.lang.reflect.Method.invoke(Method.java:498)
	at com.alipay.sofa.ark.bootstrap.MainMethodRunner.run(MainMethodRunner.java:48)
	at com.alipay.sofa.ark.container.model.BizModel.start(BizModel.java:245)
	at com.alipay.sofa.ark.container.service.biz.DefaultBizDeployer.deploy(DefaultBizDeployer.java:52)
	... 19 common frames omitted
Caused by: org.springframework.context.ApplicationContextException: Unable to start embedded container; nested exception is java.lang.NoSuchMethodError: org.apache.coyote.AbstractProtocol.setBacklog(I)V
	at org.springframework.boot.context.embedded.EmbeddedWebApplicationContext.onRefresh(EmbeddedWebApplicationContext.java:139)
	at org.springframework.context.support.AbstractApplicationContext.refresh(AbstractApplicationContext.java:536)
	at org.springframework.boot.context.embedded.EmbeddedWebApplicationContext.refresh(EmbeddedWebApplicationContext.java:124)
	at org.springframework.boot.SpringApplication.refresh(SpringApplication.java:693)
	at org.springframework.boot.SpringApplication.refreshContext(SpringApplication.java:360)
	at org.springframework.boot.SpringApplication.run(SpringApplication.java:303)
	at org.springframework.boot.SpringApplication.run(SpringApplication.java:1118)
	at org.springframework.boot.SpringApplication.run(SpringApplication.java:1107)
	at com.badouchain.ManagerApplication.main(ManagerApplication.java:13)
	... 26 common frames omitted
Caused by: java.lang.NoSuchMethodError: org.apache.coyote.AbstractProtocol.setBacklog(I)V
	at org.springframework.boot.autoconfigure.web.ServerProperties$Tomcat$3.customize(ServerProperties.java:906)
	at org.springframework.boot.context.embedded.tomcat.TomcatEmbeddedServletContainerFactory.customizeConnector(TomcatEmbeddedServletContainerFactory.java:336)
	at org.springframework.boot.context.embedded.tomcat.TomcatEmbeddedServletContainerFactory.getEmbeddedServletContainer(TomcatEmbeddedServletContainerFactory.java:171)
	at org.springframework.boot.context.embedded.EmbeddedWebApplicationContext.createEmbeddedServletContainer(EmbeddedWebApplicationContext.java:166)
	at org.springframework.boot.context.embedded.EmbeddedWebApplicationContext.onRefresh(EmbeddedWebApplicationContext.java:136)
	... 34 common frames omitted
2020-05-26 16:10:48,748 ERROR main                             - Start biz: Startup In IDE meet error
java.lang.reflect.InvocationTargetException: null
	at sun.reflect.NativeMethodAccessorImpl.invoke0(Native Method)
	at sun.reflect.NativeMethodAccessorImpl.invoke(NativeMethodAccessorImpl.java:62)
	at sun.reflect.DelegatingMethodAccessorImpl.invoke(DelegatingMethodAccessorImpl.java:43)
	at java.lang.reflect.Method.invoke(Method.java:498)
	at com.alipay.sofa.ark.bootstrap.MainMethodRunner.run(MainMethodRunner.java:48)
	at com.alipay.sofa.ark.container.model.BizModel.start(BizModel.java:245)
	at com.alipay.sofa.ark.container.service.biz.DefaultBizDeployer.deploy(DefaultBizDeployer.java:52)
	at com.alipay.sofa.ark.container.service.biz.BizDeployServiceImpl.deploy(BizDeployServiceImpl.java:55)
	at com.alipay.sofa.ark.container.pipeline.DeployBizStage.process(DeployBizStage.java:46)
	at com.alipay.sofa.ark.container.pipeline.StandardPipeline.process(StandardPipeline.java:75)
	at com.alipay.sofa.ark.container.ArkContainer.start(ArkContainer.java:143)
	at com.alipay.sofa.ark.container.ArkContainer.main(ArkContainer.java:104)
	at sun.reflect.NativeMethodAccessorImpl.invoke0(Native Method)
	at sun.reflect.NativeMethodAccessorImpl.invoke(NativeMethodAccessorImpl.java:62)
	at sun.reflect.DelegatingMethodAccessorImpl.invoke(DelegatingMethodAccessorImpl.java:43)
	at java.lang.reflect.Method.invoke(Method.java:498)
	at com.alipay.sofa.ark.bootstrap.MainMethodRunner.run(MainMethodRunner.java:48)
	at com.alipay.sofa.ark.bootstrap.AbstractLauncher.launch(AbstractLauncher.java:97)
	at com.alipay.sofa.ark.bootstrap.AbstractLauncher.launch(AbstractLauncher.java:68)
	at com.alipay.sofa.ark.support.startup.SofaArkBootstrap.remain(SofaArkBootstrap.java:77)
	at sun.reflect.NativeMethodAccessorImpl.invoke0(Native Method)
	at sun.reflect.NativeMethodAccessorImpl.invoke(NativeMethodAccessorImpl.java:62)
	at sun.reflect.DelegatingMethodAccessorImpl.invoke(DelegatingMethodAccessorImpl.java:43)
	at java.lang.reflect.Method.invoke(Method.java:498)
	at com.alipay.sofa.ark.support.thread.LaunchRunner.run(LaunchRunner.java:61)
	at java.lang.Thread.run(Thread.java:748)
Caused by: org.springframework.context.ApplicationContextException: Unable to start embedded container; nested exception is java.lang.NoSuchMethodError: org.apache.coyote.AbstractProtocol.setBacklog(I)V
	at org.springframework.boot.context.embedded.EmbeddedWebApplicationContext.onRefresh(EmbeddedWebApplicationContext.java:139)
	at org.springframework.context.support.AbstractApplicationContext.refresh(AbstractApplicationContext.java:536)
	at org.springframework.boot.context.embedded.EmbeddedWebApplicationContext.refresh(EmbeddedWebApplicationContext.java:124)
	at org.springframework.boot.SpringApplication.refresh(SpringApplication.java:693)
	at org.springframework.boot.SpringApplication.refreshContext(SpringApplication.java:360)
	at org.springframework.boot.SpringApplication.run(SpringApplication.java:303)
	at org.springframework.boot.SpringApplication.run(SpringApplication.java:1118)
	at org.springframework.boot.SpringApplication.run(SpringApplication.java:1107)
	at com.badouchain.ManagerApplication.main(ManagerApplication.java:13)
	... 26 common frames omitted
Caused by: java.lang.NoSuchMethodError: org.apache.coyote.AbstractProtocol.setBacklog(I)V
	at org.springframework.boot.autoconfigure.web.ServerProperties$Tomcat$3.customize(ServerProperties.java:906)
	at org.springframework.boot.context.embedded.tomcat.TomcatEmbeddedServletContainerFactory.customizeConnector(TomcatEmbeddedServletContainerFactory.java:336)
	at org.springframework.boot.context.embedded.tomcat.TomcatEmbeddedServletContainerFactory.getEmbeddedServletContainer(TomcatEmbeddedServletContainerFactory.java:171)
	at org.springframework.boot.context.embedded.EmbeddedWebApplicationContext.createEmbeddedServletContainer(EmbeddedWebApplicationContext.java:166)
	at org.springframework.boot.context.embedded.EmbeddedWebApplicationContext.onRefresh(EmbeddedWebApplicationContext.java:136)
	... 34 common frames omitted
2020-05-26 16:10:48,749 ERROR main                             - Process pipeline stage fail: com.alipay.sofa.ark.container.pipeline.DeployBizStage
com.alipay.sofa.ark.exception.ArkRuntimeException: java.lang.reflect.InvocationTargetException
	at com.alipay.sofa.ark.container.service.biz.DefaultBizDeployer.deploy(DefaultBizDeployer.java:56)
	at com.alipay.sofa.ark.container.service.biz.BizDeployServiceImpl.deploy(BizDeployServiceImpl.java:55)
	at com.alipay.sofa.ark.container.pipeline.DeployBizStage.process(DeployBizStage.java:46)
	at com.alipay.sofa.ark.container.pipeline.StandardPipeline.process(StandardPipeline.java:75)
	at com.alipay.sofa.ark.container.ArkContainer.start(ArkContainer.java:143)
	at com.alipay.sofa.ark.container.ArkContainer.main(ArkContainer.java:104)
	at sun.reflect.NativeMethodAccessorImpl.invoke0(Native Method)
	at sun.reflect.NativeMethodAccessorImpl.invoke(NativeMethodAccessorImpl.java:62)
	at sun.reflect.DelegatingMethodAccessorImpl.invoke(DelegatingMethodAccessorImpl.java:43)
	at java.lang.reflect.Method.invoke(Method.java:498)
	at com.alipay.sofa.ark.bootstrap.MainMethodRunner.run(MainMethodRunner.java:48)
	at com.alipay.sofa.ark.bootstrap.AbstractLauncher.launch(AbstractLauncher.java:97)
	at com.alipay.sofa.ark.bootstrap.AbstractLauncher.launch(AbstractLauncher.java:68)
	at com.alipay.sofa.ark.support.startup.SofaArkBootstrap.remain(SofaArkBootstrap.java:77)
	at sun.reflect.NativeMethodAccessorImpl.invoke0(Native Method)
	at sun.reflect.NativeMethodAccessorImpl.invoke(NativeMethodAccessorImpl.java:62)
	at sun.reflect.DelegatingMethodAccessorImpl.invoke(DelegatingMethodAccessorImpl.java:43)
	at java.lang.reflect.Method.invoke(Method.java:498)
	at com.alipay.sofa.ark.support.thread.LaunchRunner.run(LaunchRunner.java:61)
	at java.lang.Thread.run(Thread.java:748)
Caused by: java.lang.reflect.InvocationTargetException: null
	at sun.reflect.NativeMethodAccessorImpl.invoke0(Native Method)
	at sun.reflect.NativeMethodAccessorImpl.invoke(NativeMethodAccessorImpl.java:62)
	at sun.reflect.DelegatingMethodAccessorImpl.invoke(DelegatingMethodAccessorImpl.java:43)
	at java.lang.reflect.Method.invoke(Method.java:498)
	at com.alipay.sofa.ark.bootstrap.MainMethodRunner.run(MainMethodRunner.java:48)
	at com.alipay.sofa.ark.container.model.BizModel.start(BizModel.java:245)
	at com.alipay.sofa.ark.container.service.biz.DefaultBizDeployer.deploy(DefaultBizDeployer.java:52)
	... 19 common frames omitted
Caused by: org.springframework.context.ApplicationContextException: Unable to start embedded container; nested exception is java.lang.NoSuchMethodError: org.apache.coyote.AbstractProtocol.setBacklog(I)V
	at org.springframework.boot.context.embedded.EmbeddedWebApplicationContext.onRefresh(EmbeddedWebApplicationContext.java:139)
	at org.springframework.context.support.AbstractApplicationContext.refresh(AbstractApplicationContext.java:536)
	at org.springframework.boot.context.embedded.EmbeddedWebApplicationContext.refresh(EmbeddedWebApplicationContext.java:124)
	at org.springframework.boot.SpringApplication.refresh(SpringApplication.java:693)
	at org.springframework.boot.SpringApplication.refreshContext(SpringApplication.java:360)
	at org.springframework.boot.SpringApplication.run(SpringApplication.java:303)
	at org.springframework.boot.SpringApplication.run(SpringApplication.java:1118)
	at org.springframework.boot.SpringApplication.run(SpringApplication.java:1107)
	at com.badouchain.ManagerApplication.main(ManagerApplication.java:13)
	... 26 common frames omitted
Caused by: java.lang.NoSuchMethodError: org.apache.coyote.AbstractProtocol.setBacklog(I)V
	at org.springframework.boot.autoconfigure.web.ServerProperties$Tomcat$3.customize(ServerProperties.java:906)
	at org.springframework.boot.context.embedded.tomcat.TomcatEmbeddedServletContainerFactory.customizeConnector(TomcatEmbeddedServletContainerFactory.java:336)
	at org.springframework.boot.context.embedded.tomcat.TomcatEmbeddedServletContainerFactory.getEmbeddedServletContainer(TomcatEmbeddedServletContainerFactory.java:171)
	at org.springframework.boot.context.embedded.EmbeddedWebApplicationContext.createEmbeddedServletContainer(EmbeddedWebApplicationContext.java:166)
	at org.springframework.boot.context.embedded.EmbeddedWebApplicationContext.onRefresh(EmbeddedWebApplicationContext.java:136)
	... 34 common frames omitted
2020-05-26 16:14:33,431 ERROR main                             - Start biz: Startup In IDE meet error
java.lang.reflect.InvocationTargetException: null
	at sun.reflect.NativeMethodAccessorImpl.invoke0(Native Method)
	at sun.reflect.NativeMethodAccessorImpl.invoke(NativeMethodAccessorImpl.java:62)
	at sun.reflect.DelegatingMethodAccessorImpl.invoke(DelegatingMethodAccessorImpl.java:43)
	at java.lang.reflect.Method.invoke(Method.java:498)
	at com.alipay.sofa.ark.bootstrap.MainMethodRunner.run(MainMethodRunner.java:48)
	at com.alipay.sofa.ark.container.model.BizModel.start(BizModel.java:245)
	at com.alipay.sofa.ark.container.service.biz.DefaultBizDeployer.deploy(DefaultBizDeployer.java:52)
	at com.alipay.sofa.ark.container.service.biz.BizDeployServiceImpl.deploy(BizDeployServiceImpl.java:55)
	at com.alipay.sofa.ark.container.pipeline.DeployBizStage.process(DeployBizStage.java:46)
	at com.alipay.sofa.ark.container.pipeline.StandardPipeline.process(StandardPipeline.java:75)
	at com.alipay.sofa.ark.container.ArkContainer.start(ArkContainer.java:143)
	at com.alipay.sofa.ark.container.ArkContainer.main(ArkContainer.java:104)
	at sun.reflect.NativeMethodAccessorImpl.invoke0(Native Method)
	at sun.reflect.NativeMethodAccessorImpl.invoke(NativeMethodAccessorImpl.java:62)
	at sun.reflect.DelegatingMethodAccessorImpl.invoke(DelegatingMethodAccessorImpl.java:43)
	at java.lang.reflect.Method.invoke(Method.java:498)
	at com.alipay.sofa.ark.bootstrap.MainMethodRunner.run(MainMethodRunner.java:48)
	at com.alipay.sofa.ark.bootstrap.AbstractLauncher.launch(AbstractLauncher.java:97)
	at com.alipay.sofa.ark.bootstrap.AbstractLauncher.launch(AbstractLauncher.java:68)
	at com.alipay.sofa.ark.support.startup.SofaArkBootstrap.remain(SofaArkBootstrap.java:77)
	at sun.reflect.NativeMethodAccessorImpl.invoke0(Native Method)
	at sun.reflect.NativeMethodAccessorImpl.invoke(NativeMethodAccessorImpl.java:62)
	at sun.reflect.DelegatingMethodAccessorImpl.invoke(DelegatingMethodAccessorImpl.java:43)
	at java.lang.reflect.Method.invoke(Method.java:498)
	at com.alipay.sofa.ark.support.thread.LaunchRunner.run(LaunchRunner.java:61)
	at java.lang.Thread.run(Thread.java:748)
Caused by: org.springframework.context.ApplicationContextException: Unable to start embedded container; nested exception is java.lang.NoSuchMethodError: org.apache.coyote.AbstractProtocol.setBacklog(I)V
	at org.springframework.boot.context.embedded.EmbeddedWebApplicationContext.onRefresh(EmbeddedWebApplicationContext.java:139)
	at org.springframework.context.support.AbstractApplicationContext.refresh(AbstractApplicationContext.java:536)
	at org.springframework.boot.context.embedded.EmbeddedWebApplicationContext.refresh(EmbeddedWebApplicationContext.java:124)
	at org.springframework.boot.SpringApplication.refresh(SpringApplication.java:693)
	at org.springframework.boot.SpringApplication.refreshContext(SpringApplication.java:360)
	at org.springframework.boot.SpringApplication.run(SpringApplication.java:303)
	at org.springframework.boot.SpringApplication.run(SpringApplication.java:1118)
	at org.springframework.boot.SpringApplication.run(SpringApplication.java:1107)
	at com.badouchain.ManagerApplication.main(ManagerApplication.java:13)
	... 26 common frames omitted
Caused by: java.lang.NoSuchMethodError: org.apache.coyote.AbstractProtocol.setBacklog(I)V
	at org.springframework.boot.autoconfigure.web.ServerProperties$Tomcat$3.customize(ServerProperties.java:906)
	at org.springframework.boot.context.embedded.tomcat.TomcatEmbeddedServletContainerFactory.customizeConnector(TomcatEmbeddedServletContainerFactory.java:336)
	at org.springframework.boot.context.embedded.tomcat.TomcatEmbeddedServletContainerFactory.getEmbeddedServletContainer(TomcatEmbeddedServletContainerFactory.java:171)
	at org.springframework.boot.context.embedded.EmbeddedWebApplicationContext.createEmbeddedServletContainer(EmbeddedWebApplicationContext.java:166)
	at org.springframework.boot.context.embedded.EmbeddedWebApplicationContext.onRefresh(EmbeddedWebApplicationContext.java:136)
	... 34 common frames omitted
2020-05-26 16:14:33,432 ERROR main                             - Process pipeline stage fail: com.alipay.sofa.ark.container.pipeline.DeployBizStage
com.alipay.sofa.ark.exception.ArkRuntimeException: java.lang.reflect.InvocationTargetException
	at com.alipay.sofa.ark.container.service.biz.DefaultBizDeployer.deploy(DefaultBizDeployer.java:56)
	at com.alipay.sofa.ark.container.service.biz.BizDeployServiceImpl.deploy(BizDeployServiceImpl.java:55)
	at com.alipay.sofa.ark.container.pipeline.DeployBizStage.process(DeployBizStage.java:46)
	at com.alipay.sofa.ark.container.pipeline.StandardPipeline.process(StandardPipeline.java:75)
	at com.alipay.sofa.ark.container.ArkContainer.start(ArkContainer.java:143)
	at com.alipay.sofa.ark.container.ArkContainer.main(ArkContainer.java:104)
	at sun.reflect.NativeMethodAccessorImpl.invoke0(Native Method)
	at sun.reflect.NativeMethodAccessorImpl.invoke(NativeMethodAccessorImpl.java:62)
	at sun.reflect.DelegatingMethodAccessorImpl.invoke(DelegatingMethodAccessorImpl.java:43)
	at java.lang.reflect.Method.invoke(Method.java:498)
	at com.alipay.sofa.ark.bootstrap.MainMethodRunner.run(MainMethodRunner.java:48)
	at com.alipay.sofa.ark.bootstrap.AbstractLauncher.launch(AbstractLauncher.java:97)
	at com.alipay.sofa.ark.bootstrap.AbstractLauncher.launch(AbstractLauncher.java:68)
	at com.alipay.sofa.ark.support.startup.SofaArkBootstrap.remain(SofaArkBootstrap.java:77)
	at sun.reflect.NativeMethodAccessorImpl.invoke0(Native Method)
	at sun.reflect.NativeMethodAccessorImpl.invoke(NativeMethodAccessorImpl.java:62)
	at sun.reflect.DelegatingMethodAccessorImpl.invoke(DelegatingMethodAccessorImpl.java:43)
	at java.lang.reflect.Method.invoke(Method.java:498)
	at com.alipay.sofa.ark.support.thread.LaunchRunner.run(LaunchRunner.java:61)
	at java.lang.Thread.run(Thread.java:748)
Caused by: java.lang.reflect.InvocationTargetException: null
	at sun.reflect.NativeMethodAccessorImpl.invoke0(Native Method)
	at sun.reflect.NativeMethodAccessorImpl.invoke(NativeMethodAccessorImpl.java:62)
	at sun.reflect.DelegatingMethodAccessorImpl.invoke(DelegatingMethodAccessorImpl.java:43)
	at java.lang.reflect.Method.invoke(Method.java:498)
	at com.alipay.sofa.ark.bootstrap.MainMethodRunner.run(MainMethodRunner.java:48)
	at com.alipay.sofa.ark.container.model.BizModel.start(BizModel.java:245)
	at com.alipay.sofa.ark.container.service.biz.DefaultBizDeployer.deploy(DefaultBizDeployer.java:52)
	... 19 common frames omitted
Caused by: org.springframework.context.ApplicationContextException: Unable to start embedded container; nested exception is java.lang.NoSuchMethodError: org.apache.coyote.AbstractProtocol.setBacklog(I)V
	at org.springframework.boot.context.embedded.EmbeddedWebApplicationContext.onRefresh(EmbeddedWebApplicationContext.java:139)
	at org.springframework.context.support.AbstractApplicationContext.refresh(AbstractApplicationContext.java:536)
	at org.springframework.boot.context.embedded.EmbeddedWebApplicationContext.refresh(EmbeddedWebApplicationContext.java:124)
	at org.springframework.boot.SpringApplication.refresh(SpringApplication.java:693)
	at org.springframework.boot.SpringApplication.refreshContext(SpringApplication.java:360)
	at org.springframework.boot.SpringApplication.run(SpringApplication.java:303)
	at org.springframework.boot.SpringApplication.run(SpringApplication.java:1118)
	at org.springframework.boot.SpringApplication.run(SpringApplication.java:1107)
	at com.badouchain.ManagerApplication.main(ManagerApplication.java:13)
	... 26 common frames omitted
Caused by: java.lang.NoSuchMethodError: org.apache.coyote.AbstractProtocol.setBacklog(I)V
	at org.springframework.boot.autoconfigure.web.ServerProperties$Tomcat$3.customize(ServerProperties.java:906)
	at org.springframework.boot.context.embedded.tomcat.TomcatEmbeddedServletContainerFactory.customizeConnector(TomcatEmbeddedServletContainerFactory.java:336)
	at org.springframework.boot.context.embedded.tomcat.TomcatEmbeddedServletContainerFactory.getEmbeddedServletContainer(TomcatEmbeddedServletContainerFactory.java:171)
	at org.springframework.boot.context.embedded.EmbeddedWebApplicationContext.createEmbeddedServletContainer(EmbeddedWebApplicationContext.java:166)
	at org.springframework.boot.context.embedded.EmbeddedWebApplicationContext.onRefresh(EmbeddedWebApplicationContext.java:136)
	... 34 common frames omitted
2020-05-26 16:27:23,915 ERROR main                             - Start biz: Startup In IDE meet error
java.lang.reflect.InvocationTargetException: null
	at sun.reflect.NativeMethodAccessorImpl.invoke0(Native Method)
	at sun.reflect.NativeMethodAccessorImpl.invoke(NativeMethodAccessorImpl.java:62)
	at sun.reflect.DelegatingMethodAccessorImpl.invoke(DelegatingMethodAccessorImpl.java:43)
	at java.lang.reflect.Method.invoke(Method.java:498)
	at com.alipay.sofa.ark.bootstrap.MainMethodRunner.run(MainMethodRunner.java:48)
	at com.alipay.sofa.ark.container.model.BizModel.start(BizModel.java:245)
	at com.alipay.sofa.ark.container.service.biz.DefaultBizDeployer.deploy(DefaultBizDeployer.java:52)
	at com.alipay.sofa.ark.container.service.biz.BizDeployServiceImpl.deploy(BizDeployServiceImpl.java:55)
	at com.alipay.sofa.ark.container.pipeline.DeployBizStage.process(DeployBizStage.java:46)
	at com.alipay.sofa.ark.container.pipeline.StandardPipeline.process(StandardPipeline.java:75)
	at com.alipay.sofa.ark.container.ArkContainer.start(ArkContainer.java:143)
	at com.alipay.sofa.ark.container.ArkContainer.main(ArkContainer.java:104)
	at sun.reflect.NativeMethodAccessorImpl.invoke0(Native Method)
	at sun.reflect.NativeMethodAccessorImpl.invoke(NativeMethodAccessorImpl.java:62)
	at sun.reflect.DelegatingMethodAccessorImpl.invoke(DelegatingMethodAccessorImpl.java:43)
	at java.lang.reflect.Method.invoke(Method.java:498)
	at com.alipay.sofa.ark.bootstrap.MainMethodRunner.run(MainMethodRunner.java:48)
	at com.alipay.sofa.ark.bootstrap.AbstractLauncher.launch(AbstractLauncher.java:97)
	at com.alipay.sofa.ark.bootstrap.AbstractLauncher.launch(AbstractLauncher.java:68)
	at com.alipay.sofa.ark.support.startup.SofaArkBootstrap.remain(SofaArkBootstrap.java:77)
	at sun.reflect.NativeMethodAccessorImpl.invoke0(Native Method)
	at sun.reflect.NativeMethodAccessorImpl.invoke(NativeMethodAccessorImpl.java:62)
	at sun.reflect.DelegatingMethodAccessorImpl.invoke(DelegatingMethodAccessorImpl.java:43)
	at java.lang.reflect.Method.invoke(Method.java:498)
	at com.alipay.sofa.ark.support.thread.LaunchRunner.run(LaunchRunner.java:61)
	at java.lang.Thread.run(Thread.java:748)
Caused by: java.lang.NoClassDefFoundError: com/badouchain/chaincode/fabric/SDKTestV1
	at com.badouchain.ManagerApplication.main(ManagerApplication.java:15)
	... 26 common frames omitted
Caused by: com.alipay.sofa.ark.exception.ArkLoaderException: [ArkBiz Loader] Startup In IDE:Mock version : can not load class: com.badouchain.chaincode.fabric.SDKTestV1
	at com.alipay.sofa.ark.container.service.classloader.BizClassLoader.loadClassInternal(BizClassLoader.java:118)
	at com.alipay.sofa.ark.container.service.classloader.AbstractClasspathClassLoader.loadClass(AbstractClasspathClassLoader.java:71)
	at java.lang.ClassLoader.loadClass(ClassLoader.java:357)
	... 27 common frames omitted
2020-05-26 16:27:23,916 ERROR main                             - Process pipeline stage fail: com.alipay.sofa.ark.container.pipeline.DeployBizStage
com.alipay.sofa.ark.exception.ArkRuntimeException: java.lang.reflect.InvocationTargetException
	at com.alipay.sofa.ark.container.service.biz.DefaultBizDeployer.deploy(DefaultBizDeployer.java:56)
	at com.alipay.sofa.ark.container.service.biz.BizDeployServiceImpl.deploy(BizDeployServiceImpl.java:55)
	at com.alipay.sofa.ark.container.pipeline.DeployBizStage.process(DeployBizStage.java:46)
	at com.alipay.sofa.ark.container.pipeline.StandardPipeline.process(StandardPipeline.java:75)
	at com.alipay.sofa.ark.container.ArkContainer.start(ArkContainer.java:143)
	at com.alipay.sofa.ark.container.ArkContainer.main(ArkContainer.java:104)
	at sun.reflect.NativeMethodAccessorImpl.invoke0(Native Method)
	at sun.reflect.NativeMethodAccessorImpl.invoke(NativeMethodAccessorImpl.java:62)
	at sun.reflect.DelegatingMethodAccessorImpl.invoke(DelegatingMethodAccessorImpl.java:43)
	at java.lang.reflect.Method.invoke(Method.java:498)
	at com.alipay.sofa.ark.bootstrap.MainMethodRunner.run(MainMethodRunner.java:48)
	at com.alipay.sofa.ark.bootstrap.AbstractLauncher.launch(AbstractLauncher.java:97)
	at com.alipay.sofa.ark.bootstrap.AbstractLauncher.launch(AbstractLauncher.java:68)
	at com.alipay.sofa.ark.support.startup.SofaArkBootstrap.remain(SofaArkBootstrap.java:77)
	at sun.reflect.NativeMethodAccessorImpl.invoke0(Native Method)
	at sun.reflect.NativeMethodAccessorImpl.invoke(NativeMethodAccessorImpl.java:62)
	at sun.reflect.DelegatingMethodAccessorImpl.invoke(DelegatingMethodAccessorImpl.java:43)
	at java.lang.reflect.Method.invoke(Method.java:498)
	at com.alipay.sofa.ark.support.thread.LaunchRunner.run(LaunchRunner.java:61)
	at java.lang.Thread.run(Thread.java:748)
Caused by: java.lang.reflect.InvocationTargetException: null
	at sun.reflect.NativeMethodAccessorImpl.invoke0(Native Method)
	at sun.reflect.NativeMethodAccessorImpl.invoke(NativeMethodAccessorImpl.java:62)
	at sun.reflect.DelegatingMethodAccessorImpl.invoke(DelegatingMethodAccessorImpl.java:43)
	at java.lang.reflect.Method.invoke(Method.java:498)
	at com.alipay.sofa.ark.bootstrap.MainMethodRunner.run(MainMethodRunner.java:48)
	at com.alipay.sofa.ark.container.model.BizModel.start(BizModel.java:245)
	at com.alipay.sofa.ark.container.service.biz.DefaultBizDeployer.deploy(DefaultBizDeployer.java:52)
	... 19 common frames omitted
Caused by: java.lang.NoClassDefFoundError: com/badouchain/chaincode/fabric/SDKTestV1
	at com.badouchain.ManagerApplication.main(ManagerApplication.java:15)
	... 26 common frames omitted
Caused by: com.alipay.sofa.ark.exception.ArkLoaderException: [ArkBiz Loader] Startup In IDE:Mock version : can not load class: com.badouchain.chaincode.fabric.SDKTestV1
	at com.alipay.sofa.ark.container.service.classloader.BizClassLoader.loadClassInternal(BizClassLoader.java:118)
	at com.alipay.sofa.ark.container.service.classloader.AbstractClasspathClassLoader.loadClass(AbstractClasspathClassLoader.java:71)
	at java.lang.ClassLoader.loadClass(ClassLoader.java:357)
	... 27 common frames omitted
